[2021-07-09 23:04:10] DEBUG (nni.main/MainThread) START
[2021-07-09 23:04:10] DEBUG (nni.main/MainThread) decoded exp_params: [{"experimentName":"nni_searcher","trialCommand":"python3 nni_searcher.py","trialCodeDirectory":"/home/lab402-3090/Desktop/An/NAS-nni/nni","trialConcurrency":1,"trialGpuNumber":1,"maxExperimentDuration":"360000s","maxTrialNumber":50,"useAnnotation":false,"debug":true,"experimentWorkingDirectory":"/home/lab402-3090/Desktop/An/NAS-nni/nni/nni-experiment","tuner":{"name":"TPE","classArgs":{"optimize_mode":"maximize"}},"trainingService":{"platform":"local","useActiveGpu":true,"maxTrialNumberPerGpu":1,"gpuIndices":[0]}}]
[2021-07-09 23:04:10] DEBUG (nni.main/MainThread) exp_params json obj: [{
    "experimentName": "nni_searcher",
    "trialCommand": "python3 nni_searcher.py",
    "trialCodeDirectory": "/home/lab402-3090/Desktop/An/NAS-nni/nni",
    "trialConcurrency": 1,
    "trialGpuNumber": 1,
    "maxExperimentDuration": "360000s",
    "maxTrialNumber": 50,
    "useAnnotation": false,
    "debug": true,
    "experimentWorkingDirectory": "/home/lab402-3090/Desktop/An/NAS-nni/nni/nni-experiment",
    "tuner": {
        "name": "TPE",
        "classArgs": {
            "optimize_mode": "maximize"
        }
    },
    "trainingService": {
        "platform": "local",
        "useActiveGpu": true,
        "maxTrialNumberPerGpu": 1,
        "gpuIndices": [
            0
        ]
    }
}]
[2021-07-09 23:04:11] INFO (hyperopt.utils/MainThread) Failed to load dill, try installing dill via "pip install dill" for enhanced pickling support.
[2021-07-09 23:04:11] INFO (hyperopt.fmin/MainThread) Failed to load dill, try installing dill via "pip install dill" for enhanced pickling support.
[2021-07-09 23:04:11] DEBUG (nni.runtime.msg_dispatcher/MainThread) Assessor is not configured
[2021-07-09 23:04:11] INFO (nni.runtime.msg_dispatcher_base/MainThread) Dispatcher started
[2021-07-09 23:04:11] DEBUG (nni.runtime.protocol/MainThread) Received command, header: [b'IN00000000000161']
[2021-07-09 23:04:11] DEBUG (nni.runtime.protocol/MainThread) Received command, data: [{"batch_size":{"_type":"choice","_value":[4,8,16,32,40]},"lr":{"_type":"choice","_value":[0.0001,0.001,0.01]},"epochs":{"_type":"choice","_value":[20,40,60,80]}}]
[2021-07-09 23:04:11] DEBUG (nni.runtime.protocol/MainThread) Received command, header: [b'PI00000000000000']
[2021-07-09 23:04:11] DEBUG (nni.runtime.protocol/MainThread) Received command, data: []
[2021-07-09 23:04:11] DEBUG (nni.runtime.msg_dispatcher_base/Thread-1) process_command: command: [CommandType.Initialize], data: [OrderedDict([('batch_size', OrderedDict([('_type', 'choice'), ('_value', [4, 8, 16, 32, 40])])), ('lr', OrderedDict([('_type', 'choice'), ('_value', [0.0001, 0.001, 0.01])])), ('epochs', OrderedDict([('_type', 'choice'), ('_value', [20, 40, 60, 80])]))])]
[2021-07-09 23:04:11] DEBUG (nni.runtime.protocol/Thread-1) Sending command, data: [b'ID00000000000000']
[2021-07-09 23:04:11] DEBUG (nni.runtime.msg_dispatcher_base/Thread-1) process_command: command: [CommandType.Ping], data: []
[2021-07-09 23:04:11] DEBUG (nni.runtime.protocol/MainThread) Received command, header: [b'GE00000000000001']
[2021-07-09 23:04:11] DEBUG (nni.runtime.protocol/MainThread) Received command, data: [1]
[2021-07-09 23:04:11] DEBUG (nni.runtime.msg_dispatcher_base/Thread-1) process_command: command: [CommandType.RequestTrialJobs], data: [1]
[2021-07-09 23:04:11] DEBUG (nni.runtime.msg_dispatcher/Thread-1) requesting for generating params of [0]
[2021-07-09 23:04:11] DEBUG (nni.tuner/Thread-1) generating param for 0
[2021-07-09 23:04:11] INFO (hyperopt.tpe/Thread-1) tpe_transform took 0.000887 seconds
[2021-07-09 23:04:11] INFO (hyperopt.tpe/Thread-1) TPE using 0 trials
[2021-07-09 23:04:11] DEBUG (nni.runtime.protocol/Thread-1) Sending command, data: [b'TR00000000000133{"parameter_id": 0, "parameter_source": "algorithm", "parameters": {"batch_size": 4, "lr": 0.01, "epochs": 40}, "parameter_index": 0}']
[2021-07-09 23:04:15] DEBUG (nni.runtime.protocol/MainThread) Received command, header: [b'PI00000000000000']
[2021-07-09 23:04:15] DEBUG (nni.runtime.protocol/MainThread) Received command, data: []
[2021-07-09 23:04:15] DEBUG (nni.runtime.msg_dispatcher_base/Thread-1) process_command: command: [CommandType.Ping], data: []
[2021-07-09 23:04:20] DEBUG (nni.runtime.protocol/MainThread) Received command, header: [b'PI00000000000000']
[2021-07-09 23:04:20] DEBUG (nni.runtime.protocol/MainThread) Received command, data: []
[2021-07-09 23:04:20] DEBUG (nni.runtime.msg_dispatcher_base/Thread-1) process_command: command: [CommandType.Ping], data: []
[2021-07-09 23:04:25] DEBUG (nni.runtime.protocol/MainThread) Received command, header: [b'PI00000000000000']
[2021-07-09 23:04:25] DEBUG (nni.runtime.protocol/MainThread) Received command, data: []
[2021-07-09 23:04:25] DEBUG (nni.runtime.msg_dispatcher_base/Thread-1) process_command: command: [CommandType.Ping], data: []
[2021-07-09 23:04:30] DEBUG (nni.runtime.protocol/MainThread) Received command, header: [b'PI00000000000000']
[2021-07-09 23:04:30] DEBUG (nni.runtime.protocol/MainThread) Received command, data: []
[2021-07-09 23:04:30] DEBUG (nni.runtime.msg_dispatcher_base/Thread-1) process_command: command: [CommandType.Ping], data: []
[2021-07-09 23:04:35] DEBUG (nni.runtime.protocol/MainThread) Received command, header: [b'PI00000000000000']
[2021-07-09 23:04:35] DEBUG (nni.runtime.protocol/MainThread) Received command, data: []
[2021-07-09 23:04:35] DEBUG (nni.runtime.msg_dispatcher_base/Thread-1) process_command: command: [CommandType.Ping], data: []
[2021-07-09 23:04:40] DEBUG (nni.runtime.protocol/MainThread) Received command, header: [b'PI00000000000000']
[2021-07-09 23:04:40] DEBUG (nni.runtime.protocol/MainThread) Received command, data: []
[2021-07-09 23:04:40] DEBUG (nni.runtime.msg_dispatcher_base/Thread-1) process_command: command: [CommandType.Ping], data: []
[2021-07-09 23:04:45] DEBUG (nni.runtime.protocol/MainThread) Received command, header: [b'PI00000000000000']
[2021-07-09 23:04:45] DEBUG (nni.runtime.protocol/MainThread) Received command, data: []
[2021-07-09 23:04:45] DEBUG (nni.runtime.msg_dispatcher_base/Thread-1) process_command: command: [CommandType.Ping], data: []
[2021-07-09 23:04:50] DEBUG (nni.runtime.protocol/MainThread) Received command, header: [b'PI00000000000000']
[2021-07-09 23:04:50] DEBUG (nni.runtime.protocol/MainThread) Received command, data: []
[2021-07-09 23:04:50] DEBUG (nni.runtime.msg_dispatcher_base/Thread-1) process_command: command: [CommandType.Ping], data: []
[2021-07-09 23:04:55] DEBUG (nni.runtime.protocol/MainThread) Received command, header: [b'PI00000000000000']
[2021-07-09 23:04:55] DEBUG (nni.runtime.protocol/MainThread) Received command, data: []
[2021-07-09 23:04:55] DEBUG (nni.runtime.msg_dispatcher_base/Thread-1) process_command: command: [CommandType.Ping], data: []
[2021-07-09 23:05:00] DEBUG (nni.runtime.protocol/MainThread) Received command, header: [b'PI00000000000000']
[2021-07-09 23:05:00] DEBUG (nni.runtime.protocol/MainThread) Received command, data: []
[2021-07-09 23:05:00] DEBUG (nni.runtime.msg_dispatcher_base/Thread-1) process_command: command: [CommandType.Ping], data: []
[2021-07-09 23:05:05] DEBUG (nni.runtime.protocol/MainThread) Received command, header: [b'PI00000000000000']
[2021-07-09 23:05:05] DEBUG (nni.runtime.protocol/MainThread) Received command, data: []
[2021-07-09 23:05:05] DEBUG (nni.runtime.msg_dispatcher_base/Thread-1) process_command: command: [CommandType.Ping], data: []
[2021-07-09 23:05:10] DEBUG (nni.runtime.protocol/MainThread) Received command, header: [b'PI00000000000000']
[2021-07-09 23:05:10] DEBUG (nni.runtime.protocol/MainThread) Received command, data: []
[2021-07-09 23:05:10] DEBUG (nni.runtime.msg_dispatcher_base/Thread-1) process_command: command: [CommandType.Ping], data: []
[2021-07-09 23:05:15] DEBUG (nni.runtime.protocol/MainThread) Received command, header: [b'PI00000000000000']
[2021-07-09 23:05:15] DEBUG (nni.runtime.protocol/MainThread) Received command, data: []
[2021-07-09 23:05:15] DEBUG (nni.runtime.msg_dispatcher_base/Thread-1) process_command: command: [CommandType.Ping], data: []
[2021-07-09 23:05:20] DEBUG (nni.runtime.protocol/MainThread) Received command, header: [b'PI00000000000000']
[2021-07-09 23:05:20] DEBUG (nni.runtime.protocol/MainThread) Received command, data: []
[2021-07-09 23:05:20] DEBUG (nni.runtime.msg_dispatcher_base/Thread-1) process_command: command: [CommandType.Ping], data: []
[2021-07-09 23:05:25] DEBUG (nni.runtime.protocol/MainThread) Received command, header: [b'PI00000000000000']
[2021-07-09 23:05:25] DEBUG (nni.runtime.protocol/MainThread) Received command, data: []
[2021-07-09 23:05:25] DEBUG (nni.runtime.msg_dispatcher_base/Thread-1) process_command: command: [CommandType.Ping], data: []
[2021-07-09 23:05:30] DEBUG (nni.runtime.protocol/MainThread) Received command, header: [b'PI00000000000000']
[2021-07-09 23:05:30] DEBUG (nni.runtime.protocol/MainThread) Received command, data: []
[2021-07-09 23:05:30] DEBUG (nni.runtime.msg_dispatcher_base/Thread-1) process_command: command: [CommandType.Ping], data: []
[2021-07-09 23:05:35] DEBUG (nni.runtime.protocol/MainThread) Received command, header: [b'PI00000000000000']
[2021-07-09 23:05:35] DEBUG (nni.runtime.protocol/MainThread) Received command, data: []
[2021-07-09 23:05:35] DEBUG (nni.runtime.msg_dispatcher_base/Thread-1) process_command: command: [CommandType.Ping], data: []
[2021-07-09 23:05:40] DEBUG (nni.runtime.protocol/MainThread) Received command, header: [b'PI00000000000000']
[2021-07-09 23:05:40] DEBUG (nni.runtime.protocol/MainThread) Received command, data: []
[2021-07-09 23:05:40] DEBUG (nni.runtime.msg_dispatcher_base/Thread-1) process_command: command: [CommandType.Ping], data: []
[2021-07-09 23:05:45] DEBUG (nni.runtime.protocol/MainThread) Received command, header: [b'PI00000000000000']
[2021-07-09 23:05:45] DEBUG (nni.runtime.protocol/MainThread) Received command, data: []
[2021-07-09 23:05:45] DEBUG (nni.runtime.msg_dispatcher_base/Thread-1) process_command: command: [CommandType.Ping], data: []
[2021-07-09 23:05:50] DEBUG (nni.runtime.protocol/MainThread) Received command, header: [b'PI00000000000000']
[2021-07-09 23:05:50] DEBUG (nni.runtime.protocol/MainThread) Received command, data: []
[2021-07-09 23:05:50] DEBUG (nni.runtime.msg_dispatcher_base/Thread-1) process_command: command: [CommandType.Ping], data: []
[2021-07-09 23:05:55] DEBUG (nni.runtime.protocol/MainThread) Received command, header: [b'PI00000000000000']
[2021-07-09 23:05:55] DEBUG (nni.runtime.protocol/MainThread) Received command, data: []
[2021-07-09 23:05:55] DEBUG (nni.runtime.msg_dispatcher_base/Thread-1) process_command: command: [CommandType.Ping], data: []
[2021-07-09 23:06:00] DEBUG (nni.runtime.protocol/MainThread) Received command, header: [b'PI00000000000000']
[2021-07-09 23:06:00] DEBUG (nni.runtime.protocol/MainThread) Received command, data: []
[2021-07-09 23:06:00] DEBUG (nni.runtime.msg_dispatcher_base/Thread-1) process_command: command: [CommandType.Ping], data: []
[2021-07-09 23:06:05] DEBUG (nni.runtime.protocol/MainThread) Received command, header: [b'PI00000000000000']
[2021-07-09 23:06:05] DEBUG (nni.runtime.protocol/MainThread) Received command, data: []
[2021-07-09 23:06:05] DEBUG (nni.runtime.msg_dispatcher_base/Thread-1) process_command: command: [CommandType.Ping], data: []
[2021-07-09 23:06:10] DEBUG (nni.runtime.protocol/MainThread) Received command, header: [b'PI00000000000000']
[2021-07-09 23:06:10] DEBUG (nni.runtime.protocol/MainThread) Received command, data: []
[2021-07-09 23:06:10] DEBUG (nni.runtime.msg_dispatcher_base/Thread-1) process_command: command: [CommandType.Ping], data: []
[2021-07-09 23:06:15] DEBUG (nni.runtime.protocol/MainThread) Received command, header: [b'PI00000000000000']
[2021-07-09 23:06:15] DEBUG (nni.runtime.protocol/MainThread) Received command, data: []
[2021-07-09 23:06:15] DEBUG (nni.runtime.msg_dispatcher_base/Thread-1) process_command: command: [CommandType.Ping], data: []
[2021-07-09 23:06:20] DEBUG (nni.runtime.protocol/MainThread) Received command, header: [b'PI00000000000000']
[2021-07-09 23:06:20] DEBUG (nni.runtime.protocol/MainThread) Received command, data: []
[2021-07-09 23:06:20] DEBUG (nni.runtime.msg_dispatcher_base/Thread-1) process_command: command: [CommandType.Ping], data: []
[2021-07-09 23:06:25] DEBUG (nni.runtime.protocol/MainThread) Received command, header: [b'PI00000000000000']
[2021-07-09 23:06:25] DEBUG (nni.runtime.protocol/MainThread) Received command, data: []
[2021-07-09 23:06:25] DEBUG (nni.runtime.msg_dispatcher_base/Thread-1) process_command: command: [CommandType.Ping], data: []
[2021-07-09 23:06:30] DEBUG (nni.runtime.protocol/MainThread) Received command, header: [b'PI00000000000000']
[2021-07-09 23:06:30] DEBUG (nni.runtime.protocol/MainThread) Received command, data: []
[2021-07-09 23:06:30] DEBUG (nni.runtime.msg_dispatcher_base/Thread-1) process_command: command: [CommandType.Ping], data: []
[2021-07-09 23:06:35] DEBUG (nni.runtime.protocol/MainThread) Received command, header: [b'PI00000000000000']
[2021-07-09 23:06:35] DEBUG (nni.runtime.protocol/MainThread) Received command, data: []
[2021-07-09 23:06:35] DEBUG (nni.runtime.msg_dispatcher_base/Thread-1) process_command: command: [CommandType.Ping], data: []
[2021-07-09 23:06:40] DEBUG (nni.runtime.protocol/MainThread) Received command, header: [b'PI00000000000000']
[2021-07-09 23:06:40] DEBUG (nni.runtime.protocol/MainThread) Received command, data: []
[2021-07-09 23:06:40] DEBUG (nni.runtime.msg_dispatcher_base/Thread-1) process_command: command: [CommandType.Ping], data: []
[2021-07-09 23:06:45] DEBUG (nni.runtime.protocol/MainThread) Received command, header: [b'PI00000000000000']
[2021-07-09 23:06:45] DEBUG (nni.runtime.protocol/MainThread) Received command, data: []
[2021-07-09 23:06:45] DEBUG (nni.runtime.msg_dispatcher_base/Thread-1) process_command: command: [CommandType.Ping], data: []
[2021-07-09 23:06:50] DEBUG (nni.runtime.protocol/MainThread) Received command, header: [b'PI00000000000000']
[2021-07-09 23:06:50] DEBUG (nni.runtime.protocol/MainThread) Received command, data: []
[2021-07-09 23:06:50] DEBUG (nni.runtime.msg_dispatcher_base/Thread-1) process_command: command: [CommandType.Ping], data: []
[2021-07-09 23:06:55] DEBUG (nni.runtime.protocol/MainThread) Received command, header: [b'PI00000000000000']
[2021-07-09 23:06:55] DEBUG (nni.runtime.protocol/MainThread) Received command, data: []
[2021-07-09 23:06:55] DEBUG (nni.runtime.msg_dispatcher_base/Thread-1) process_command: command: [CommandType.Ping], data: []
[2021-07-09 23:07:00] DEBUG (nni.runtime.protocol/MainThread) Received command, header: [b'PI00000000000000']
[2021-07-09 23:07:00] DEBUG (nni.runtime.protocol/MainThread) Received command, data: []
[2021-07-09 23:07:00] DEBUG (nni.runtime.msg_dispatcher_base/Thread-1) process_command: command: [CommandType.Ping], data: []
[2021-07-09 23:07:05] DEBUG (nni.runtime.protocol/MainThread) Received command, header: [b'PI00000000000000']
[2021-07-09 23:07:05] DEBUG (nni.runtime.protocol/MainThread) Received command, data: []
[2021-07-09 23:07:05] DEBUG (nni.runtime.msg_dispatcher_base/Thread-1) process_command: command: [CommandType.Ping], data: []
[2021-07-09 23:07:10] DEBUG (nni.runtime.protocol/MainThread) Received command, header: [b'PI00000000000000']
[2021-07-09 23:07:10] DEBUG (nni.runtime.protocol/MainThread) Received command, data: []
[2021-07-09 23:07:10] DEBUG (nni.runtime.msg_dispatcher_base/Thread-1) process_command: command: [CommandType.Ping], data: []
[2021-07-09 23:07:15] DEBUG (nni.runtime.protocol/MainThread) Received command, header: [b'PI00000000000000']
[2021-07-09 23:07:15] DEBUG (nni.runtime.protocol/MainThread) Received command, data: []
[2021-07-09 23:07:15] DEBUG (nni.runtime.msg_dispatcher_base/Thread-1) process_command: command: [CommandType.Ping], data: []
[2021-07-09 23:07:20] DEBUG (nni.runtime.protocol/MainThread) Received command, header: [b'PI00000000000000']
[2021-07-09 23:07:20] DEBUG (nni.runtime.protocol/MainThread) Received command, data: []
[2021-07-09 23:07:20] DEBUG (nni.runtime.msg_dispatcher_base/Thread-1) process_command: command: [CommandType.Ping], data: []
[2021-07-09 23:07:25] DEBUG (nni.runtime.protocol/MainThread) Received command, header: [b'PI00000000000000']
[2021-07-09 23:07:25] DEBUG (nni.runtime.protocol/MainThread) Received command, data: []
[2021-07-09 23:07:25] DEBUG (nni.runtime.msg_dispatcher_base/Thread-1) process_command: command: [CommandType.Ping], data: []
[2021-07-09 23:07:30] DEBUG (nni.runtime.protocol/MainThread) Received command, header: [b'PI00000000000000']
[2021-07-09 23:07:30] DEBUG (nni.runtime.protocol/MainThread) Received command, data: []
[2021-07-09 23:07:30] DEBUG (nni.runtime.msg_dispatcher_base/Thread-1) process_command: command: [CommandType.Ping], data: []
[2021-07-09 23:07:35] DEBUG (nni.runtime.protocol/MainThread) Received command, header: [b'PI00000000000000']
[2021-07-09 23:07:35] DEBUG (nni.runtime.protocol/MainThread) Received command, data: []
[2021-07-09 23:07:35] DEBUG (nni.runtime.msg_dispatcher_base/Thread-1) process_command: command: [CommandType.Ping], data: []
[2021-07-09 23:07:40] DEBUG (nni.runtime.protocol/MainThread) Received command, header: [b'PI00000000000000']
[2021-07-09 23:07:40] DEBUG (nni.runtime.protocol/MainThread) Received command, data: []
[2021-07-09 23:07:40] DEBUG (nni.runtime.msg_dispatcher_base/Thread-1) process_command: command: [CommandType.Ping], data: []
[2021-07-09 23:07:45] DEBUG (nni.runtime.protocol/MainThread) Received command, header: [b'PI00000000000000']
[2021-07-09 23:07:45] DEBUG (nni.runtime.protocol/MainThread) Received command, data: []
[2021-07-09 23:07:45] DEBUG (nni.runtime.msg_dispatcher_base/Thread-1) process_command: command: [CommandType.Ping], data: []
[2021-07-09 23:07:50] DEBUG (nni.runtime.protocol/MainThread) Received command, header: [b'PI00000000000000']
[2021-07-09 23:07:50] DEBUG (nni.runtime.protocol/MainThread) Received command, data: []
[2021-07-09 23:07:50] DEBUG (nni.runtime.msg_dispatcher_base/Thread-1) process_command: command: [CommandType.Ping], data: []
[2021-07-09 23:07:55] DEBUG (nni.runtime.protocol/MainThread) Received command, header: [b'PI00000000000000']
[2021-07-09 23:07:55] DEBUG (nni.runtime.protocol/MainThread) Received command, data: []
[2021-07-09 23:07:55] DEBUG (nni.runtime.msg_dispatcher_base/Thread-1) process_command: command: [CommandType.Ping], data: []
[2021-07-09 23:08:00] DEBUG (nni.runtime.protocol/MainThread) Received command, header: [b'PI00000000000000']
[2021-07-09 23:08:00] DEBUG (nni.runtime.protocol/MainThread) Received command, data: []
[2021-07-09 23:08:00] DEBUG (nni.runtime.msg_dispatcher_base/Thread-1) process_command: command: [CommandType.Ping], data: []
[2021-07-09 23:08:05] DEBUG (nni.runtime.protocol/MainThread) Received command, header: [b'PI00000000000000']
[2021-07-09 23:08:05] DEBUG (nni.runtime.protocol/MainThread) Received command, data: []
[2021-07-09 23:08:05] DEBUG (nni.runtime.msg_dispatcher_base/Thread-1) process_command: command: [CommandType.Ping], data: []
[2021-07-09 23:08:10] DEBUG (nni.runtime.protocol/MainThread) Received command, header: [b'PI00000000000000']
[2021-07-09 23:08:10] DEBUG (nni.runtime.protocol/MainThread) Received command, data: []
[2021-07-09 23:08:10] DEBUG (nni.runtime.msg_dispatcher_base/Thread-1) process_command: command: [CommandType.Ping], data: []
[2021-07-09 23:08:15] DEBUG (nni.runtime.protocol/MainThread) Received command, header: [b'PI00000000000000']
[2021-07-09 23:08:15] DEBUG (nni.runtime.protocol/MainThread) Received command, data: []
[2021-07-09 23:08:15] DEBUG (nni.runtime.msg_dispatcher_base/Thread-1) process_command: command: [CommandType.Ping], data: []
[2021-07-09 23:08:20] DEBUG (nni.runtime.protocol/MainThread) Received command, header: [b'PI00000000000000']
[2021-07-09 23:08:20] DEBUG (nni.runtime.protocol/MainThread) Received command, data: []
[2021-07-09 23:08:20] DEBUG (nni.runtime.msg_dispatcher_base/Thread-1) process_command: command: [CommandType.Ping], data: []
[2021-07-09 23:08:25] DEBUG (nni.runtime.protocol/MainThread) Received command, header: [b'PI00000000000000']
[2021-07-09 23:08:25] DEBUG (nni.runtime.protocol/MainThread) Received command, data: []
[2021-07-09 23:08:25] DEBUG (nni.runtime.msg_dispatcher_base/Thread-1) process_command: command: [CommandType.Ping], data: []
[2021-07-09 23:08:30] DEBUG (nni.runtime.protocol/MainThread) Received command, header: [b'PI00000000000000']
[2021-07-09 23:08:30] DEBUG (nni.runtime.protocol/MainThread) Received command, data: []
[2021-07-09 23:08:30] DEBUG (nni.runtime.msg_dispatcher_base/Thread-1) process_command: command: [CommandType.Ping], data: []
[2021-07-09 23:08:35] DEBUG (nni.runtime.protocol/MainThread) Received command, header: [b'PI00000000000000']
[2021-07-09 23:08:35] DEBUG (nni.runtime.protocol/MainThread) Received command, data: []
[2021-07-09 23:08:35] DEBUG (nni.runtime.msg_dispatcher_base/Thread-1) process_command: command: [CommandType.Ping], data: []
[2021-07-09 23:08:40] DEBUG (nni.runtime.protocol/MainThread) Received command, header: [b'PI00000000000000']
[2021-07-09 23:08:40] DEBUG (nni.runtime.protocol/MainThread) Received command, data: []
[2021-07-09 23:08:40] DEBUG (nni.runtime.msg_dispatcher_base/Thread-1) process_command: command: [CommandType.Ping], data: []
[2021-07-09 23:08:45] DEBUG (nni.runtime.protocol/MainThread) Received command, header: [b'PI00000000000000']
[2021-07-09 23:08:45] DEBUG (nni.runtime.protocol/MainThread) Received command, data: []
[2021-07-09 23:08:45] DEBUG (nni.runtime.msg_dispatcher_base/Thread-1) process_command: command: [CommandType.Ping], data: []
[2021-07-09 23:08:50] DEBUG (nni.runtime.protocol/MainThread) Received command, header: [b'PI00000000000000']
[2021-07-09 23:08:50] DEBUG (nni.runtime.protocol/MainThread) Received command, data: []
[2021-07-09 23:08:50] DEBUG (nni.runtime.msg_dispatcher_base/Thread-1) process_command: command: [CommandType.Ping], data: []
[2021-07-09 23:08:55] DEBUG (nni.runtime.protocol/MainThread) Received command, header: [b'PI00000000000000']
[2021-07-09 23:08:55] DEBUG (nni.runtime.protocol/MainThread) Received command, data: []
[2021-07-09 23:08:55] DEBUG (nni.runtime.msg_dispatcher_base/Thread-1) process_command: command: [CommandType.Ping], data: []
[2021-07-09 23:09:00] DEBUG (nni.runtime.protocol/MainThread) Received command, header: [b'PI00000000000000']
[2021-07-09 23:09:00] DEBUG (nni.runtime.protocol/MainThread) Received command, data: []
[2021-07-09 23:09:00] DEBUG (nni.runtime.msg_dispatcher_base/Thread-1) process_command: command: [CommandType.Ping], data: []
[2021-07-09 23:09:05] DEBUG (nni.runtime.protocol/MainThread) Received command, header: [b'PI00000000000000']
[2021-07-09 23:09:05] DEBUG (nni.runtime.protocol/MainThread) Received command, data: []
[2021-07-09 23:09:05] DEBUG (nni.runtime.msg_dispatcher_base/Thread-1) process_command: command: [CommandType.Ping], data: []
[2021-07-09 23:09:10] DEBUG (nni.runtime.protocol/MainThread) Received command, header: [b'PI00000000000000']
[2021-07-09 23:09:10] DEBUG (nni.runtime.protocol/MainThread) Received command, data: []
[2021-07-09 23:09:10] DEBUG (nni.runtime.msg_dispatcher_base/Thread-1) process_command: command: [CommandType.Ping], data: []
[2021-07-09 23:09:15] DEBUG (nni.runtime.protocol/MainThread) Received command, header: [b'PI00000000000000']
[2021-07-09 23:09:15] DEBUG (nni.runtime.protocol/MainThread) Received command, data: []
[2021-07-09 23:09:15] DEBUG (nni.runtime.msg_dispatcher_base/Thread-1) process_command: command: [CommandType.Ping], data: []
[2021-07-09 23:09:20] DEBUG (nni.runtime.protocol/MainThread) Received command, header: [b'PI00000000000000']
[2021-07-09 23:09:20] DEBUG (nni.runtime.protocol/MainThread) Received command, data: []
[2021-07-09 23:09:20] DEBUG (nni.runtime.msg_dispatcher_base/Thread-1) process_command: command: [CommandType.Ping], data: []
[2021-07-09 23:09:25] DEBUG (nni.runtime.protocol/MainThread) Received command, header: [b'PI00000000000000']
[2021-07-09 23:09:25] DEBUG (nni.runtime.protocol/MainThread) Received command, data: []
[2021-07-09 23:09:25] DEBUG (nni.runtime.msg_dispatcher_base/Thread-1) process_command: command: [CommandType.Ping], data: []
[2021-07-09 23:09:30] DEBUG (nni.runtime.protocol/MainThread) Received command, header: [b'PI00000000000000']
[2021-07-09 23:09:30] DEBUG (nni.runtime.protocol/MainThread) Received command, data: []
[2021-07-09 23:09:30] DEBUG (nni.runtime.msg_dispatcher_base/Thread-1) process_command: command: [CommandType.Ping], data: []
[2021-07-09 23:09:35] DEBUG (nni.runtime.protocol/MainThread) Received command, header: [b'PI00000000000000']
[2021-07-09 23:09:35] DEBUG (nni.runtime.protocol/MainThread) Received command, data: []
[2021-07-09 23:09:35] DEBUG (nni.runtime.msg_dispatcher_base/Thread-1) process_command: command: [CommandType.Ping], data: []
[2021-07-09 23:09:40] DEBUG (nni.runtime.protocol/MainThread) Received command, header: [b'PI00000000000000']
[2021-07-09 23:09:40] DEBUG (nni.runtime.protocol/MainThread) Received command, data: []
[2021-07-09 23:09:40] DEBUG (nni.runtime.msg_dispatcher_base/Thread-1) process_command: command: [CommandType.Ping], data: []
[2021-07-09 23:09:45] DEBUG (nni.runtime.protocol/MainThread) Received command, header: [b'PI00000000000000']
[2021-07-09 23:09:45] DEBUG (nni.runtime.protocol/MainThread) Received command, data: []
[2021-07-09 23:09:45] DEBUG (nni.runtime.msg_dispatcher_base/Thread-1) process_command: command: [CommandType.Ping], data: []
[2021-07-09 23:09:50] DEBUG (nni.runtime.protocol/MainThread) Received command, header: [b'PI00000000000000']
[2021-07-09 23:09:50] DEBUG (nni.runtime.protocol/MainThread) Received command, data: []
[2021-07-09 23:09:50] DEBUG (nni.runtime.msg_dispatcher_base/Thread-1) process_command: command: [CommandType.Ping], data: []
[2021-07-09 23:09:55] DEBUG (nni.runtime.protocol/MainThread) Received command, header: [b'PI00000000000000']
[2021-07-09 23:09:55] DEBUG (nni.runtime.protocol/MainThread) Received command, data: []
[2021-07-09 23:09:55] DEBUG (nni.runtime.msg_dispatcher_base/Thread-1) process_command: command: [CommandType.Ping], data: []
[2021-07-09 23:10:00] DEBUG (nni.runtime.protocol/MainThread) Received command, header: [b'PI00000000000000']
[2021-07-09 23:10:00] DEBUG (nni.runtime.protocol/MainThread) Received command, data: []
[2021-07-09 23:10:00] DEBUG (nni.runtime.msg_dispatcher_base/Thread-1) process_command: command: [CommandType.Ping], data: []
[2021-07-09 23:10:05] DEBUG (nni.runtime.protocol/MainThread) Received command, header: [b'PI00000000000000']
[2021-07-09 23:10:05] DEBUG (nni.runtime.protocol/MainThread) Received command, data: []
[2021-07-09 23:10:05] DEBUG (nni.runtime.msg_dispatcher_base/Thread-1) process_command: command: [CommandType.Ping], data: []
[2021-07-09 23:10:10] DEBUG (nni.runtime.protocol/MainThread) Received command, header: [b'PI00000000000000']
[2021-07-09 23:10:10] DEBUG (nni.runtime.protocol/MainThread) Received command, data: []
[2021-07-09 23:10:10] DEBUG (nni.runtime.msg_dispatcher_base/Thread-1) process_command: command: [CommandType.Ping], data: []
[2021-07-09 23:10:15] DEBUG (nni.runtime.protocol/MainThread) Received command, header: [b'PI00000000000000']
[2021-07-09 23:10:15] DEBUG (nni.runtime.protocol/MainThread) Received command, data: []
[2021-07-09 23:10:15] DEBUG (nni.runtime.msg_dispatcher_base/Thread-1) process_command: command: [CommandType.Ping], data: []
[2021-07-09 23:10:20] DEBUG (nni.runtime.protocol/MainThread) Received command, header: [b'PI00000000000000']
[2021-07-09 23:10:20] DEBUG (nni.runtime.protocol/MainThread) Received command, data: []
[2021-07-09 23:10:20] DEBUG (nni.runtime.msg_dispatcher_base/Thread-1) process_command: command: [CommandType.Ping], data: []
[2021-07-09 23:10:25] DEBUG (nni.runtime.protocol/MainThread) Received command, header: [b'PI00000000000000']
[2021-07-09 23:10:25] DEBUG (nni.runtime.protocol/MainThread) Received command, data: []
[2021-07-09 23:10:25] DEBUG (nni.runtime.msg_dispatcher_base/Thread-1) process_command: command: [CommandType.Ping], data: []
[2021-07-09 23:10:30] DEBUG (nni.runtime.protocol/MainThread) Received command, header: [b'PI00000000000000']
[2021-07-09 23:10:30] DEBUG (nni.runtime.protocol/MainThread) Received command, data: []
[2021-07-09 23:10:30] DEBUG (nni.runtime.msg_dispatcher_base/Thread-1) process_command: command: [CommandType.Ping], data: []
[2021-07-09 23:10:35] DEBUG (nni.runtime.protocol/MainThread) Received command, header: [b'PI00000000000000']
[2021-07-09 23:10:35] DEBUG (nni.runtime.protocol/MainThread) Received command, data: []
[2021-07-09 23:10:35] DEBUG (nni.runtime.msg_dispatcher_base/Thread-1) process_command: command: [CommandType.Ping], data: []
[2021-07-09 23:10:40] DEBUG (nni.runtime.protocol/MainThread) Received command, header: [b'PI00000000000000']
[2021-07-09 23:10:40] DEBUG (nni.runtime.protocol/MainThread) Received command, data: []
[2021-07-09 23:10:40] DEBUG (nni.runtime.msg_dispatcher_base/Thread-1) process_command: command: [CommandType.Ping], data: []
[2021-07-09 23:10:45] DEBUG (nni.runtime.protocol/MainThread) Received command, header: [b'PI00000000000000']
[2021-07-09 23:10:45] DEBUG (nni.runtime.protocol/MainThread) Received command, data: []
[2021-07-09 23:10:45] DEBUG (nni.runtime.msg_dispatcher_base/Thread-1) process_command: command: [CommandType.Ping], data: []
[2021-07-09 23:10:50] DEBUG (nni.runtime.protocol/MainThread) Received command, header: [b'PI00000000000000']
[2021-07-09 23:10:50] DEBUG (nni.runtime.protocol/MainThread) Received command, data: []
[2021-07-09 23:10:50] DEBUG (nni.runtime.msg_dispatcher_base/Thread-1) process_command: command: [CommandType.Ping], data: []
[2021-07-09 23:10:55] DEBUG (nni.runtime.protocol/MainThread) Received command, header: [b'PI00000000000000']
[2021-07-09 23:10:55] DEBUG (nni.runtime.protocol/MainThread) Received command, data: []
[2021-07-09 23:10:55] DEBUG (nni.runtime.msg_dispatcher_base/Thread-1) process_command: command: [CommandType.Ping], data: []
[2021-07-09 23:11:00] DEBUG (nni.runtime.protocol/MainThread) Received command, header: [b'PI00000000000000']
[2021-07-09 23:11:00] DEBUG (nni.runtime.protocol/MainThread) Received command, data: []
[2021-07-09 23:11:00] DEBUG (nni.runtime.msg_dispatcher_base/Thread-1) process_command: command: [CommandType.Ping], data: []
[2021-07-09 23:11:05] DEBUG (nni.runtime.protocol/MainThread) Received command, header: [b'PI00000000000000']
[2021-07-09 23:11:05] DEBUG (nni.runtime.protocol/MainThread) Received command, data: []
[2021-07-09 23:11:05] DEBUG (nni.runtime.msg_dispatcher_base/Thread-1) process_command: command: [CommandType.Ping], data: []
[2021-07-09 23:11:10] DEBUG (nni.runtime.protocol/MainThread) Received command, header: [b'PI00000000000000']
[2021-07-09 23:11:10] DEBUG (nni.runtime.protocol/MainThread) Received command, data: []
[2021-07-09 23:11:10] DEBUG (nni.runtime.msg_dispatcher_base/Thread-1) process_command: command: [CommandType.Ping], data: []
[2021-07-09 23:11:15] DEBUG (nni.runtime.protocol/MainThread) Received command, header: [b'PI00000000000000']
[2021-07-09 23:11:15] DEBUG (nni.runtime.protocol/MainThread) Received command, data: []
[2021-07-09 23:11:15] DEBUG (nni.runtime.msg_dispatcher_base/Thread-1) process_command: command: [CommandType.Ping], data: []
[2021-07-09 23:11:20] DEBUG (nni.runtime.protocol/MainThread) Received command, header: [b'PI00000000000000']
[2021-07-09 23:11:20] DEBUG (nni.runtime.protocol/MainThread) Received command, data: []
[2021-07-09 23:11:20] DEBUG (nni.runtime.msg_dispatcher_base/Thread-1) process_command: command: [CommandType.Ping], data: []
[2021-07-09 23:11:25] DEBUG (nni.runtime.protocol/MainThread) Received command, header: [b'PI00000000000000']
[2021-07-09 23:11:25] DEBUG (nni.runtime.protocol/MainThread) Received command, data: []
[2021-07-09 23:11:25] DEBUG (nni.runtime.msg_dispatcher_base/Thread-1) process_command: command: [CommandType.Ping], data: []
[2021-07-09 23:11:30] DEBUG (nni.runtime.protocol/MainThread) Received command, header: [b'PI00000000000000']
[2021-07-09 23:11:30] DEBUG (nni.runtime.protocol/MainThread) Received command, data: []
[2021-07-09 23:11:30] DEBUG (nni.runtime.msg_dispatcher_base/Thread-1) process_command: command: [CommandType.Ping], data: []
[2021-07-09 23:11:35] DEBUG (nni.runtime.protocol/MainThread) Received command, header: [b'PI00000000000000']
[2021-07-09 23:11:35] DEBUG (nni.runtime.protocol/MainThread) Received command, data: []
[2021-07-09 23:11:35] DEBUG (nni.runtime.msg_dispatcher_base/Thread-1) process_command: command: [CommandType.Ping], data: []
[2021-07-09 23:11:40] DEBUG (nni.runtime.protocol/MainThread) Received command, header: [b'PI00000000000000']
[2021-07-09 23:11:40] DEBUG (nni.runtime.protocol/MainThread) Received command, data: []
[2021-07-09 23:11:40] DEBUG (nni.runtime.msg_dispatcher_base/Thread-1) process_command: command: [CommandType.Ping], data: []
[2021-07-09 23:11:45] DEBUG (nni.runtime.protocol/MainThread) Received command, header: [b'PI00000000000000']
[2021-07-09 23:11:45] DEBUG (nni.runtime.protocol/MainThread) Received command, data: []
[2021-07-09 23:11:45] DEBUG (nni.runtime.msg_dispatcher_base/Thread-1) process_command: command: [CommandType.Ping], data: []
[2021-07-09 23:11:50] DEBUG (nni.runtime.protocol/MainThread) Received command, header: [b'PI00000000000000']
[2021-07-09 23:11:50] DEBUG (nni.runtime.protocol/MainThread) Received command, data: []
[2021-07-09 23:11:50] DEBUG (nni.runtime.msg_dispatcher_base/Thread-1) process_command: command: [CommandType.Ping], data: []
[2021-07-09 23:11:55] DEBUG (nni.runtime.protocol/MainThread) Received command, header: [b'PI00000000000000']
[2021-07-09 23:11:55] DEBUG (nni.runtime.protocol/MainThread) Received command, data: []
[2021-07-09 23:11:55] DEBUG (nni.runtime.msg_dispatcher_base/Thread-1) process_command: command: [CommandType.Ping], data: []
[2021-07-09 23:12:00] DEBUG (nni.runtime.protocol/MainThread) Received command, header: [b'PI00000000000000']
[2021-07-09 23:12:00] DEBUG (nni.runtime.protocol/MainThread) Received command, data: []
[2021-07-09 23:12:00] DEBUG (nni.runtime.msg_dispatcher_base/Thread-1) process_command: command: [CommandType.Ping], data: []
[2021-07-09 23:12:05] DEBUG (nni.runtime.protocol/MainThread) Received command, header: [b'PI00000000000000']
[2021-07-09 23:12:05] DEBUG (nni.runtime.protocol/MainThread) Received command, data: []
[2021-07-09 23:12:05] DEBUG (nni.runtime.msg_dispatcher_base/Thread-1) process_command: command: [CommandType.Ping], data: []
[2021-07-09 23:12:10] DEBUG (nni.runtime.protocol/MainThread) Received command, header: [b'PI00000000000000']
[2021-07-09 23:12:10] DEBUG (nni.runtime.protocol/MainThread) Received command, data: []
[2021-07-09 23:12:10] DEBUG (nni.runtime.msg_dispatcher_base/Thread-1) process_command: command: [CommandType.Ping], data: []
[2021-07-09 23:12:15] DEBUG (nni.runtime.protocol/MainThread) Received command, header: [b'PI00000000000000']
[2021-07-09 23:12:15] DEBUG (nni.runtime.protocol/MainThread) Received command, data: []
[2021-07-09 23:12:15] DEBUG (nni.runtime.msg_dispatcher_base/Thread-1) process_command: command: [CommandType.Ping], data: []
[2021-07-09 23:12:20] DEBUG (nni.runtime.protocol/MainThread) Received command, header: [b'PI00000000000000']
[2021-07-09 23:12:20] DEBUG (nni.runtime.protocol/MainThread) Received command, data: []
[2021-07-09 23:12:20] DEBUG (nni.runtime.msg_dispatcher_base/Thread-1) process_command: command: [CommandType.Ping], data: []
[2021-07-09 23:12:25] DEBUG (nni.runtime.protocol/MainThread) Received command, header: [b'PI00000000000000']
[2021-07-09 23:12:25] DEBUG (nni.runtime.protocol/MainThread) Received command, data: []
[2021-07-09 23:12:25] DEBUG (nni.runtime.msg_dispatcher_base/Thread-1) process_command: command: [CommandType.Ping], data: []
[2021-07-09 23:12:30] DEBUG (nni.runtime.protocol/MainThread) Received command, header: [b'PI00000000000000']
[2021-07-09 23:12:30] DEBUG (nni.runtime.protocol/MainThread) Received command, data: []
[2021-07-09 23:12:30] DEBUG (nni.runtime.msg_dispatcher_base/Thread-1) process_command: command: [CommandType.Ping], data: []
[2021-07-09 23:12:35] DEBUG (nni.runtime.protocol/MainThread) Received command, header: [b'PI00000000000000']
[2021-07-09 23:12:35] DEBUG (nni.runtime.protocol/MainThread) Received command, data: []
[2021-07-09 23:12:35] DEBUG (nni.runtime.msg_dispatcher_base/Thread-1) process_command: command: [CommandType.Ping], data: []
[2021-07-09 23:12:40] DEBUG (nni.runtime.protocol/MainThread) Received command, header: [b'PI00000000000000']
[2021-07-09 23:12:40] DEBUG (nni.runtime.protocol/MainThread) Received command, data: []
[2021-07-09 23:12:40] DEBUG (nni.runtime.msg_dispatcher_base/Thread-1) process_command: command: [CommandType.Ping], data: []
