[2021-07-09 23:04:09] DEBUG (SqlDB) Database directory: /home/lab402-3090/Desktop/An/NAS-nni/nni/nni-experiment/75vDsywP/db
[2021-07-09 23:04:09] INFO (NNIDataStore) Datastore initialization done
[2021-07-09 23:04:09] INFO (RestServer) RestServer start
[2021-07-09 23:04:09] WARNING (NNITensorboardManager) Tensorboard may not installed, if you want to use tensorboard, please check if tensorboard installed.
[2021-07-09 23:04:09] INFO (RestServer) RestServer base port is 8080
[2021-07-09 23:04:09] INFO (main) Rest server listening on: http://0.0.0.0:8080
[2021-07-09 23:04:10] DEBUG (NNIRestHandler) GET: /check-status: body: {}
[2021-07-09 23:04:10] DEBUG (NNIRestHandler) POST: /experiment: body: { experimentName: 'nni_searcher',
  trialCommand: 'python3 nni_searcher.py',
  trialCodeDirectory: '/home/lab402-3090/Desktop/An/NAS-nni/nni',
  trialConcurrency: 1,
  trialGpuNumber: 1,
  maxExperimentDuration: '360000s',
  maxTrialNumber: 50,
  useAnnotation: false,
  debug: true,
  experimentWorkingDirectory: '/home/lab402-3090/Desktop/An/NAS-nni/nni/nni-experiment',
  tuner: { name: 'TPE', classArgs: { optimize_mode: 'maximize' } },
  trainingService:
   { platform: 'local',
     useActiveGpu: true,
     maxTrialNumberPerGpu: 1,
     gpuIndices: [ 0 ] },
  searchSpace:
   { batch_size: { _type: 'choice', _value: [Array] },
     lr: { _type: 'choice', _value: [Array] },
     epochs: { _type: 'choice', _value: [Array] } } }
[2021-07-09 23:04:10] INFO (NNIManager) Starting experiment: 75vDsywP
[2021-07-09 23:04:10] INFO (NNIManager) Setup training service...
[2021-07-09 23:04:10] INFO (LocalTrainingService) Construct local machine training service.
[2021-07-09 23:04:10] INFO (NNIManager) Setup tuner...
[2021-07-09 23:04:10] DEBUG (NNIManager) dispatcher command: python3 -m nni --exp_params eyJleHBlcmltZW50TmFtZSI6Im5uaV9zZWFyY2hlciIsInRyaWFsQ29tbWFuZCI6InB5dGhvbjMgbm5pX3NlYXJjaGVyLnB5IiwidHJpYWxDb2RlRGlyZWN0b3J5IjoiL2hvbWUvbGFiNDAyLTMwOTAvRGVza3RvcC9Bbi9OQVMtbm5pL25uaSIsInRyaWFsQ29uY3VycmVuY3kiOjEsInRyaWFsR3B1TnVtYmVyIjoxLCJtYXhFeHBlcmltZW50RHVyYXRpb24iOiIzNjAwMDBzIiwibWF4VHJpYWxOdW1iZXIiOjUwLCJ1c2VBbm5vdGF0aW9uIjpmYWxzZSwiZGVidWciOnRydWUsImV4cGVyaW1lbnRXb3JraW5nRGlyZWN0b3J5IjoiL2hvbWUvbGFiNDAyLTMwOTAvRGVza3RvcC9Bbi9OQVMtbm5pL25uaS9ubmktZXhwZXJpbWVudCIsInR1bmVyIjp7Im5hbWUiOiJUUEUiLCJjbGFzc0FyZ3MiOnsib3B0aW1pemVfbW9kZSI6Im1heGltaXplIn19LCJ0cmFpbmluZ1NlcnZpY2UiOnsicGxhdGZvcm0iOiJsb2NhbCIsInVzZUFjdGl2ZUdwdSI6dHJ1ZSwibWF4VHJpYWxOdW1iZXJQZXJHcHUiOjEsImdwdUluZGljZXMiOlswXX19
[2021-07-09 23:04:10] INFO (NNIManager) Change NNIManager status from: INITIALIZED to: RUNNING
[2021-07-09 23:04:10] INFO (NNIManager) Add event listeners
[2021-07-09 23:04:10] DEBUG (NNIManager) Send tuner command: INITIALIZE: [object Object]
[2021-07-09 23:04:10] DEBUG (IpcInterface) ipcInterface command type: [IN], content:[{"batch_size":{"_type":"choice","_value":[4,8,16,32,40]},"lr":{"_type":"choice","_value":[0.0001,0.001,0.01]},"epochs":{"_type":"choice","_value":[20,40,60,80]}}]
[2021-07-09 23:04:10] DEBUG (IpcInterface) ipcInterface command type: [PI], content:[]
[2021-07-09 23:04:10] INFO (LocalTrainingService) Run local machine training service.
[2021-07-09 23:04:10] WARNING (GPUScheduler) gpu_metrics file does not exist!
[2021-07-09 23:04:11] INFO (NNIManager) NNIManager received command from dispatcher: ID, 
[2021-07-09 23:04:11] DEBUG (IpcInterface) ipcInterface command type: [GE], content:[1]
[2021-07-09 23:04:11] INFO (NNIManager) NNIManager received command from dispatcher: TR, {"parameter_id": 0, "parameter_source": "algorithm", "parameters": {"batch_size": 4, "lr": 0.01, "epochs": 40}, "parameter_index": 0}
[2021-07-09 23:04:13] DEBUG (NNIRestHandler) GET: /experiment: body: {}
[2021-07-09 23:04:13] DEBUG (NNIRestHandler) GET: /trial-jobs: body: {}
[2021-07-09 23:04:13] DEBUG (NNIRestHandler) GET: /metric-data: body: {}
[2021-07-09 23:04:13] DEBUG (NNIDataStore) getTrialJobsByReplayEvents begin
[2021-07-09 23:04:13] DEBUG (NNIDataStore) getTrialJobsByReplayEvents done
[2021-07-09 23:04:13] DEBUG (NNIRestHandler) GET: /check-status: body: {}
[2021-07-09 23:04:13] DEBUG (NNIRestHandler) GET: /trial-jobs: body: {}
[2021-07-09 23:04:13] DEBUG (NNIRestHandler) GET: /metric-data: body: {}
[2021-07-09 23:04:13] DEBUG (NNIDataStore) getTrialJobsByReplayEvents begin
[2021-07-09 23:04:13] DEBUG (NNIDataStore) getTrialJobsByReplayEvents done
[2021-07-09 23:04:13] DEBUG (NNIRestHandler) GET: /version: body: {}
[2021-07-09 23:04:14] DEBUG (NNIRestHandler) GET: /experiment: body: {}
[2021-07-09 23:04:14] DEBUG (NNIRestHandler) GET: /trial-jobs: body: {}
[2021-07-09 23:04:14] DEBUG (NNIRestHandler) GET: /metric-data: body: {}
[2021-07-09 23:04:14] DEBUG (NNIDataStore) getTrialJobsByReplayEvents begin
[2021-07-09 23:04:14] DEBUG (NNIDataStore) getTrialJobsByReplayEvents done
[2021-07-09 23:04:14] DEBUG (NNIRestHandler) GET: /check-status: body: {}
[2021-07-09 23:04:15] DEBUG (IpcInterface) ipcInterface command type: [PI], content:[]
[2021-07-09 23:04:15] INFO (NNIManager) submitTrialJob: form: { sequenceId: 0,
  hyperParameters:
   { value:
      '{"parameter_id": 0, "parameter_source": "algorithm", "parameters": {"batch_size": 4, "lr": 0.01, "epochs": 40}, "parameter_index": 0}',
     index: 0 } }
[2021-07-09 23:04:15] DEBUG (LocalTrainingService) submitTrialJob: return: LocalTrialJobDetail {
  id: 'oapjk',
  status: 'WAITING',
  submitTime: 1625843055641,
  workingDirectory:
   '/home/lab402-3090/Desktop/An/NAS-nni/nni/nni-experiment/75vDsywP/trials/oapjk',
  form:
   { sequenceId: 0,
     hyperParameters:
      { value:
         '{"parameter_id": 0, "parameter_source": "algorithm", "parameters": {"batch_size": 4, "lr": 0.01, "epochs": 40}, "parameter_index": 0}',
        index: 0 } },
  url:
   'file://localhost:/home/lab402-3090/Desktop/An/NAS-nni/nni/nni-experiment/75vDsywP/trials/oapjk',
  gpuIndices: [] }
[2021-07-09 23:04:16] DEBUG (NNIRestHandler) GET: /experiment: body: {}
[2021-07-09 23:04:16] DEBUG (NNIRestHandler) GET: /trial-jobs: body: {}
[2021-07-09 23:04:16] DEBUG (NNIRestHandler) GET: /metric-data: body: {}
[2021-07-09 23:04:16] DEBUG (NNIDataStore) getTrialJobsByReplayEvents begin
[2021-07-09 23:04:16] DEBUG (NNIDataStore) getTrialJobsByReplayEvents done
[2021-07-09 23:04:16] DEBUG (NNIRestHandler) GET: /check-status: body: {}
[2021-07-09 23:04:16] DEBUG (NNIRestHandler) GET: /trial-jobs: body: {}
[2021-07-09 23:04:16] DEBUG (NNIRestHandler) GET: /metric-data: body: {}
[2021-07-09 23:04:16] DEBUG (NNIDataStore) getTrialJobsByReplayEvents begin
[2021-07-09 23:04:16] DEBUG (NNIDataStore) getTrialJobsByReplayEvents done
[2021-07-09 23:04:16] DEBUG (NNIRestHandler) GET: /version: body: {}
[2021-07-09 23:04:17] DEBUG (NNIRestHandler) GET: /experiment: body: {}
[2021-07-09 23:04:17] DEBUG (NNIRestHandler) GET: /trial-jobs: body: {}
[2021-07-09 23:04:17] DEBUG (NNIRestHandler) GET: /metric-data: body: {}
[2021-07-09 23:04:17] DEBUG (NNIDataStore) getTrialJobsByReplayEvents begin
[2021-07-09 23:04:17] DEBUG (NNIDataStore) getTrialJobsByReplayEvents done
[2021-07-09 23:04:17] DEBUG (NNIRestHandler) GET: /check-status: body: {}
[2021-07-09 23:04:18] DEBUG (NNIRestHandler) GET: /experiment: body: {}
[2021-07-09 23:04:18] DEBUG (NNIRestHandler) GET: /trial-jobs: body: {}
[2021-07-09 23:04:18] DEBUG (NNIRestHandler) GET: /metric-data: body: {}
[2021-07-09 23:04:18] DEBUG (NNIDataStore) getTrialJobsByReplayEvents begin
[2021-07-09 23:04:18] DEBUG (NNIDataStore) getTrialJobsByReplayEvents done
[2021-07-09 23:04:18] DEBUG (NNIRestHandler) GET: /check-status: body: {}
[2021-07-09 23:04:18] DEBUG (NNIRestHandler) GET: /trial-jobs: body: {}
[2021-07-09 23:04:18] DEBUG (NNIRestHandler) GET: /metric-data: body: {}
[2021-07-09 23:04:18] DEBUG (NNIDataStore) getTrialJobsByReplayEvents begin
[2021-07-09 23:04:18] DEBUG (NNIDataStore) getTrialJobsByReplayEvents done
[2021-07-09 23:04:18] DEBUG (NNIRestHandler) GET: /version: body: {}
[2021-07-09 23:04:19] DEBUG (NNIRestHandler) GET: /experiment: body: {}
[2021-07-09 23:04:19] DEBUG (NNIRestHandler) GET: /trial-jobs: body: {}
[2021-07-09 23:04:19] DEBUG (NNIRestHandler) GET: /metric-data: body: {}
[2021-07-09 23:04:19] DEBUG (NNIDataStore) getTrialJobsByReplayEvents begin
[2021-07-09 23:04:19] DEBUG (NNIDataStore) getTrialJobsByReplayEvents done
[2021-07-09 23:04:19] DEBUG (NNIRestHandler) GET: /check-status: body: {}
[2021-07-09 23:04:19] DEBUG (NNIRestHandler) GET: /experiment: body: {}
[2021-07-09 23:04:19] DEBUG (NNIRestHandler) GET: /trial-jobs: body: {}
[2021-07-09 23:04:19] DEBUG (NNIRestHandler) GET: /metric-data: body: {}
[2021-07-09 23:04:19] DEBUG (NNIDataStore) getTrialJobsByReplayEvents begin
[2021-07-09 23:04:19] DEBUG (NNIDataStore) getTrialJobsByReplayEvents done
[2021-07-09 23:04:19] DEBUG (NNIRestHandler) GET: /trial-jobs: body: {}
[2021-07-09 23:04:19] DEBUG (NNIRestHandler) GET: /metric-data: body: {}
[2021-07-09 23:04:19] DEBUG (NNIDataStore) getTrialJobsByReplayEvents begin
[2021-07-09 23:04:19] DEBUG (NNIDataStore) getTrialJobsByReplayEvents done
[2021-07-09 23:04:19] DEBUG (NNIRestHandler) GET: /check-status: body: {}
[2021-07-09 23:04:19] DEBUG (NNIRestHandler) GET: /version: body: {}
[2021-07-09 23:04:20] DEBUG (IpcInterface) ipcInterface command type: [PI], content:[]
[2021-07-09 23:04:20] DEBUG (NNIRestHandler) GET: /experiment: body: {}
[2021-07-09 23:04:20] DEBUG (NNIRestHandler) GET: /trial-jobs: body: {}
[2021-07-09 23:04:20] DEBUG (NNIRestHandler) GET: /metric-data: body: {}
[2021-07-09 23:04:20] DEBUG (NNIDataStore) getTrialJobsByReplayEvents begin
[2021-07-09 23:04:20] DEBUG (NNIDataStore) getTrialJobsByReplayEvents done
[2021-07-09 23:04:20] DEBUG (NNIRestHandler) GET: /check-status: body: {}
[2021-07-09 23:04:20] DEBUG (NNIRestHandler) GET: /version: body: {}
[2021-07-09 23:04:21] DEBUG (NNIRestHandler) GET: /experiment: body: {}
[2021-07-09 23:04:21] DEBUG (NNIRestHandler) GET: /trial-jobs: body: {}
[2021-07-09 23:04:21] DEBUG (NNIRestHandler) GET: /metric-data: body: {}
[2021-07-09 23:04:21] DEBUG (NNIDataStore) getTrialJobsByReplayEvents begin
[2021-07-09 23:04:21] DEBUG (NNIDataStore) getTrialJobsByReplayEvents done
[2021-07-09 23:04:21] DEBUG (NNIRestHandler) GET: /check-status: body: {}
[2021-07-09 23:04:22] DEBUG (NNIRestHandler) GET: /experiment: body: {}
[2021-07-09 23:04:22] DEBUG (NNIRestHandler) GET: /trial-jobs: body: {}
[2021-07-09 23:04:22] DEBUG (NNIRestHandler) GET: /metric-data: body: {}
[2021-07-09 23:04:22] DEBUG (NNIDataStore) getTrialJobsByReplayEvents begin
[2021-07-09 23:04:22] DEBUG (NNIDataStore) getTrialJobsByReplayEvents done
[2021-07-09 23:04:22] DEBUG (NNIRestHandler) GET: /check-status: body: {}
[2021-07-09 23:04:22] DEBUG (NNIRestHandler) GET: /trial-jobs: body: {}
[2021-07-09 23:04:22] DEBUG (NNIRestHandler) GET: /metric-data: body: {}
[2021-07-09 23:04:22] DEBUG (NNIDataStore) getTrialJobsByReplayEvents begin
[2021-07-09 23:04:22] DEBUG (NNIDataStore) getTrialJobsByReplayEvents done
[2021-07-09 23:04:22] DEBUG (NNIRestHandler) GET: /version: body: {}
[2021-07-09 23:04:23] DEBUG (NNIRestHandler) GET: /experiment: body: {}
[2021-07-09 23:04:23] DEBUG (NNIRestHandler) GET: /trial-jobs: body: {}
[2021-07-09 23:04:23] DEBUG (NNIRestHandler) GET: /metric-data: body: {}
[2021-07-09 23:04:23] DEBUG (NNIDataStore) getTrialJobsByReplayEvents begin
[2021-07-09 23:04:23] DEBUG (NNIDataStore) getTrialJobsByReplayEvents done
[2021-07-09 23:04:23] DEBUG (NNIRestHandler) GET: /check-status: body: {}
[2021-07-09 23:04:23] DEBUG (NNIRestHandler) GET: /trial-jobs: body: {}
[2021-07-09 23:04:23] DEBUG (NNIDataStore) getTrialJobsByReplayEvents begin
[2021-07-09 23:04:23] DEBUG (NNIDataStore) getTrialJobsByReplayEvents done
[2021-07-09 23:04:23] DEBUG (NNIRestHandler) GET: /metric-data: body: {}
[2021-07-09 23:04:23] DEBUG (NNIRestHandler) GET: /version: body: {}
[2021-07-09 23:04:24] DEBUG (NNIRestHandler) GET: /experiment: body: {}
[2021-07-09 23:04:24] DEBUG (NNIRestHandler) GET: /trial-jobs: body: {}
[2021-07-09 23:04:24] DEBUG (NNIRestHandler) GET: /metric-data: body: {}
[2021-07-09 23:04:24] DEBUG (NNIDataStore) getTrialJobsByReplayEvents begin
[2021-07-09 23:04:24] DEBUG (NNIDataStore) getTrialJobsByReplayEvents done
[2021-07-09 23:04:24] DEBUG (NNIRestHandler) GET: /check-status: body: {}
[2021-07-09 23:04:24] DEBUG (NNIRestHandler) GET: /trial-jobs: body: {}
[2021-07-09 23:04:24] DEBUG (NNIRestHandler) GET: /metric-data: body: {}
[2021-07-09 23:04:24] DEBUG (NNIDataStore) getTrialJobsByReplayEvents begin
[2021-07-09 23:04:24] DEBUG (NNIDataStore) getTrialJobsByReplayEvents done
[2021-07-09 23:04:24] DEBUG (NNIRestHandler) GET: /version: body: {}
[2021-07-09 23:04:24] DEBUG (NNIRestHandler) GET: /experiment: body: {}
[2021-07-09 23:04:24] DEBUG (NNIRestHandler) GET: /trial-jobs: body: {}
[2021-07-09 23:04:24] DEBUG (NNIRestHandler) GET: /metric-data: body: {}
[2021-07-09 23:04:24] DEBUG (NNIDataStore) getTrialJobsByReplayEvents begin
[2021-07-09 23:04:24] DEBUG (NNIDataStore) getTrialJobsByReplayEvents done
[2021-07-09 23:04:24] DEBUG (NNIRestHandler) GET: /check-status: body: {}
[2021-07-09 23:04:24] DEBUG (NNIRestHandler) GET: /trial-jobs: body: {}
[2021-07-09 23:04:24] DEBUG (NNIRestHandler) GET: /metric-data: body: {}
[2021-07-09 23:04:24] DEBUG (NNIDataStore) getTrialJobsByReplayEvents begin
[2021-07-09 23:04:24] DEBUG (NNIDataStore) getTrialJobsByReplayEvents done
[2021-07-09 23:04:24] DEBUG (NNIRestHandler) GET: /version: body: {}
[2021-07-09 23:04:25] DEBUG (IpcInterface) ipcInterface command type: [PI], content:[]
[2021-07-09 23:04:25] INFO (NNIManager) Trial job oapjk status changed from WAITING to RUNNING
[2021-07-09 23:04:25] DEBUG (NNIRestHandler) GET: /experiment: body: {}
[2021-07-09 23:04:25] DEBUG (NNIRestHandler) GET: /trial-jobs: body: {}
[2021-07-09 23:04:25] DEBUG (NNIRestHandler) GET: /metric-data: body: {}
[2021-07-09 23:04:25] DEBUG (NNIDataStore) getTrialJobsByReplayEvents begin
[2021-07-09 23:04:25] DEBUG (NNIDataStore) getTrialJobsByReplayEvents done
[2021-07-09 23:04:25] DEBUG (NNIRestHandler) GET: /check-status: body: {}
[2021-07-09 23:04:25] DEBUG (NNIRestHandler) GET: /trial-jobs: body: {}
[2021-07-09 23:04:25] DEBUG (NNIDataStore) getTrialJobsByReplayEvents begin
[2021-07-09 23:04:25] DEBUG (NNIDataStore) getTrialJobsByReplayEvents done
[2021-07-09 23:04:25] DEBUG (NNIRestHandler) GET: /metric-data: body: {}
[2021-07-09 23:04:25] DEBUG (NNIRestHandler) GET: /version: body: {}
[2021-07-09 23:04:26] DEBUG (NNIRestHandler) GET: /experiment: body: {}
[2021-07-09 23:04:26] DEBUG (NNIRestHandler) GET: /trial-jobs: body: {}
[2021-07-09 23:04:26] DEBUG (NNIRestHandler) GET: /metric-data: body: {}
[2021-07-09 23:04:26] DEBUG (NNIDataStore) getTrialJobsByReplayEvents begin
[2021-07-09 23:04:26] DEBUG (NNIDataStore) getTrialJobsByReplayEvents done
[2021-07-09 23:04:26] DEBUG (NNIRestHandler) GET: /check-status: body: {}
[2021-07-09 23:04:26] DEBUG (NNIRestHandler) GET: /trial-jobs: body: {}
[2021-07-09 23:04:26] DEBUG (NNIRestHandler) GET: /metric-data: body: {}
[2021-07-09 23:04:26] DEBUG (NNIDataStore) getTrialJobsByReplayEvents begin
[2021-07-09 23:04:26] DEBUG (NNIDataStore) getTrialJobsByReplayEvents done
[2021-07-09 23:04:26] DEBUG (NNIRestHandler) GET: /version: body: {}
[2021-07-09 23:04:27] DEBUG (NNIRestHandler) GET: /experiment: body: {}
[2021-07-09 23:04:27] DEBUG (NNIRestHandler) GET: /trial-jobs: body: {}
[2021-07-09 23:04:27] DEBUG (NNIRestHandler) GET: /metric-data: body: {}
[2021-07-09 23:04:27] DEBUG (NNIDataStore) getTrialJobsByReplayEvents begin
[2021-07-09 23:04:27] DEBUG (NNIDataStore) getTrialJobsByReplayEvents done
[2021-07-09 23:04:27] DEBUG (NNIRestHandler) GET: /check-status: body: {}
[2021-07-09 23:04:27] DEBUG (NNIRestHandler) GET: /experiment: body: {}
[2021-07-09 23:04:27] DEBUG (NNIRestHandler) GET: /trial-jobs: body: {}
[2021-07-09 23:04:27] DEBUG (NNIDataStore) getTrialJobsByReplayEvents begin
[2021-07-09 23:04:27] DEBUG (NNIDataStore) getTrialJobsByReplayEvents done
[2021-07-09 23:04:27] DEBUG (NNIRestHandler) GET: /metric-data: body: {}
[2021-07-09 23:04:27] DEBUG (NNIRestHandler) GET: /check-status: body: {}
[2021-07-09 23:04:27] DEBUG (NNIRestHandler) GET: /version: body: {}
[2021-07-09 23:04:28] DEBUG (NNIRestHandler) GET: /experiment: body: {}
[2021-07-09 23:04:28] DEBUG (NNIRestHandler) GET: /trial-jobs: body: {}
[2021-07-09 23:04:28] DEBUG (NNIRestHandler) GET: /metric-data: body: {}
[2021-07-09 23:04:28] DEBUG (NNIDataStore) getTrialJobsByReplayEvents begin
[2021-07-09 23:04:28] DEBUG (NNIDataStore) getTrialJobsByReplayEvents done
[2021-07-09 23:04:28] DEBUG (NNIRestHandler) GET: /check-status: body: {}
[2021-07-09 23:04:30] DEBUG (IpcInterface) ipcInterface command type: [PI], content:[]
[2021-07-09 23:04:35] DEBUG (IpcInterface) ipcInterface command type: [PI], content:[]
[2021-07-09 23:04:38] DEBUG (NNIRestHandler) GET: /experiment: body: {}
[2021-07-09 23:04:38] DEBUG (NNIRestHandler) GET: /trial-jobs: body: {}
[2021-07-09 23:04:38] DEBUG (NNIDataStore) getTrialJobsByReplayEvents begin
[2021-07-09 23:04:38] DEBUG (NNIDataStore) getTrialJobsByReplayEvents done
[2021-07-09 23:04:38] DEBUG (NNIRestHandler) GET: /metric-data: body: {}
[2021-07-09 23:04:38] DEBUG (NNIRestHandler) GET: /check-status: body: {}
[2021-07-09 23:04:40] DEBUG (IpcInterface) ipcInterface command type: [PI], content:[]
[2021-07-09 23:04:45] DEBUG (IpcInterface) ipcInterface command type: [PI], content:[]
[2021-07-09 23:04:48] DEBUG (NNIRestHandler) GET: /experiment: body: {}
[2021-07-09 23:04:48] DEBUG (NNIRestHandler) GET: /trial-jobs: body: {}
[2021-07-09 23:04:48] DEBUG (NNIRestHandler) GET: /metric-data: body: {}
[2021-07-09 23:04:48] DEBUG (NNIDataStore) getTrialJobsByReplayEvents begin
[2021-07-09 23:04:48] DEBUG (NNIDataStore) getTrialJobsByReplayEvents done
[2021-07-09 23:04:48] DEBUG (NNIRestHandler) GET: /check-status: body: {}
[2021-07-09 23:04:50] DEBUG (IpcInterface) ipcInterface command type: [PI], content:[]
[2021-07-09 23:04:51] DEBUG (NNIRestHandler) GET: /experiments-info: body: {}
[2021-07-09 23:04:55] DEBUG (IpcInterface) ipcInterface command type: [PI], content:[]
[2021-07-09 23:04:58] DEBUG (NNIRestHandler) GET: /experiment: body: {}
[2021-07-09 23:04:58] DEBUG (NNIRestHandler) GET: /trial-jobs: body: {}
[2021-07-09 23:04:58] DEBUG (NNIDataStore) getTrialJobsByReplayEvents begin
[2021-07-09 23:04:58] DEBUG (NNIDataStore) getTrialJobsByReplayEvents done
[2021-07-09 23:04:58] DEBUG (NNIRestHandler) GET: /metric-data: body: {}
[2021-07-09 23:04:58] DEBUG (NNIRestHandler) GET: /check-status: body: {}
[2021-07-09 23:05:00] DEBUG (IpcInterface) ipcInterface command type: [PI], content:[]
[2021-07-09 23:05:05] DEBUG (IpcInterface) ipcInterface command type: [PI], content:[]
[2021-07-09 23:05:08] DEBUG (NNIRestHandler) GET: /experiment: body: {}
[2021-07-09 23:05:08] DEBUG (NNIRestHandler) GET: /trial-jobs: body: {}
[2021-07-09 23:05:08] DEBUG (NNIDataStore) getTrialJobsByReplayEvents begin
[2021-07-09 23:05:08] DEBUG (NNIDataStore) getTrialJobsByReplayEvents done
[2021-07-09 23:05:08] DEBUG (NNIRestHandler) GET: /metric-data: body: {}
[2021-07-09 23:05:08] DEBUG (NNIRestHandler) GET: /check-status: body: {}
[2021-07-09 23:05:10] DEBUG (IpcInterface) ipcInterface command type: [PI], content:[]
[2021-07-09 23:05:15] DEBUG (IpcInterface) ipcInterface command type: [PI], content:[]
[2021-07-09 23:05:18] DEBUG (NNIRestHandler) GET: /experiment: body: {}
[2021-07-09 23:05:18] DEBUG (NNIRestHandler) GET: /trial-jobs: body: {}
[2021-07-09 23:05:18] DEBUG (NNIRestHandler) GET: /metric-data: body: {}
[2021-07-09 23:05:18] DEBUG (NNIDataStore) getTrialJobsByReplayEvents begin
[2021-07-09 23:05:18] DEBUG (NNIDataStore) getTrialJobsByReplayEvents done
[2021-07-09 23:05:18] DEBUG (NNIRestHandler) GET: /check-status: body: {}
[2021-07-09 23:05:20] DEBUG (IpcInterface) ipcInterface command type: [PI], content:[]
[2021-07-09 23:05:25] DEBUG (IpcInterface) ipcInterface command type: [PI], content:[]
[2021-07-09 23:05:28] DEBUG (NNIRestHandler) GET: /version: body: {}
[2021-07-09 23:05:28] DEBUG (NNIRestHandler) GET: /experiment: body: {}
[2021-07-09 23:05:28] DEBUG (NNIRestHandler) GET: /trial-jobs: body: {}
[2021-07-09 23:05:28] DEBUG (NNIDataStore) getTrialJobsByReplayEvents begin
[2021-07-09 23:05:28] DEBUG (NNIDataStore) getTrialJobsByReplayEvents done
[2021-07-09 23:05:28] DEBUG (NNIRestHandler) GET: /metric-data: body: {}
[2021-07-09 23:05:28] DEBUG (NNIRestHandler) GET: /check-status: body: {}
[2021-07-09 23:05:30] DEBUG (IpcInterface) ipcInterface command type: [PI], content:[]
[2021-07-09 23:05:35] DEBUG (IpcInterface) ipcInterface command type: [PI], content:[]
[2021-07-09 23:05:38] DEBUG (NNIRestHandler) GET: /experiment: body: {}
[2021-07-09 23:05:38] DEBUG (NNIRestHandler) GET: /trial-jobs: body: {}
[2021-07-09 23:05:38] DEBUG (NNIRestHandler) GET: /metric-data: body: {}
[2021-07-09 23:05:38] DEBUG (NNIDataStore) getTrialJobsByReplayEvents begin
[2021-07-09 23:05:38] DEBUG (NNIDataStore) getTrialJobsByReplayEvents done
[2021-07-09 23:05:38] DEBUG (NNIRestHandler) GET: /check-status: body: {}
[2021-07-09 23:05:40] DEBUG (IpcInterface) ipcInterface command type: [PI], content:[]
[2021-07-09 23:05:45] DEBUG (IpcInterface) ipcInterface command type: [PI], content:[]
[2021-07-09 23:05:48] DEBUG (NNIRestHandler) GET: /experiment: body: {}
[2021-07-09 23:05:48] DEBUG (NNIRestHandler) GET: /trial-jobs: body: {}
[2021-07-09 23:05:48] DEBUG (NNIRestHandler) GET: /metric-data: body: {}
[2021-07-09 23:05:48] DEBUG (NNIDataStore) getTrialJobsByReplayEvents begin
[2021-07-09 23:05:48] DEBUG (NNIDataStore) getTrialJobsByReplayEvents done
[2021-07-09 23:05:48] DEBUG (NNIRestHandler) GET: /check-status: body: {}
[2021-07-09 23:05:50] DEBUG (IpcInterface) ipcInterface command type: [PI], content:[]
[2021-07-09 23:05:52] DEBUG (NNIRestHandler) GET: /experiments-info: body: {}
[2021-07-09 23:05:55] DEBUG (IpcInterface) ipcInterface command type: [PI], content:[]
[2021-07-09 23:05:58] DEBUG (NNIRestHandler) GET: /experiment: body: {}
[2021-07-09 23:05:58] DEBUG (NNIRestHandler) GET: /trial-jobs: body: {}
[2021-07-09 23:05:58] DEBUG (NNIRestHandler) GET: /metric-data: body: {}
[2021-07-09 23:05:58] DEBUG (NNIDataStore) getTrialJobsByReplayEvents begin
[2021-07-09 23:05:58] DEBUG (NNIDataStore) getTrialJobsByReplayEvents done
[2021-07-09 23:05:58] DEBUG (NNIRestHandler) GET: /check-status: body: {}
[2021-07-09 23:06:00] DEBUG (IpcInterface) ipcInterface command type: [PI], content:[]
[2021-07-09 23:06:01] DEBUG (NNIRestHandler) GET: /experiment: body: {}
[2021-07-09 23:06:01] DEBUG (NNIRestHandler) GET: /trial-jobs: body: {}
[2021-07-09 23:06:01] DEBUG (NNIRestHandler) GET: /metric-data: body: {}
[2021-07-09 23:06:01] DEBUG (NNIDataStore) getTrialJobsByReplayEvents begin
[2021-07-09 23:06:01] DEBUG (NNIDataStore) getTrialJobsByReplayEvents done
[2021-07-09 23:06:03] DEBUG (NNIRestHandler) GET: /check-status: body: {}
[2021-07-09 23:06:03] DEBUG (NNIRestHandler) GET: /trial-jobs: body: {}
[2021-07-09 23:06:03] DEBUG (NNIRestHandler) GET: /metric-data: body: {}
[2021-07-09 23:06:03] DEBUG (NNIDataStore) getTrialJobsByReplayEvents begin
[2021-07-09 23:06:03] DEBUG (NNIDataStore) getTrialJobsByReplayEvents done
[2021-07-09 23:06:03] DEBUG (NNIRestHandler) GET: /version: body: {}
[2021-07-09 23:06:04] DEBUG (NNIRestHandler) GET: /experiment: body: {}
[2021-07-09 23:06:04] DEBUG (NNIRestHandler) GET: /trial-jobs: body: {}
[2021-07-09 23:06:04] DEBUG (NNIRestHandler) GET: /metric-data: body: {}
[2021-07-09 23:06:04] DEBUG (NNIDataStore) getTrialJobsByReplayEvents begin
[2021-07-09 23:06:04] DEBUG (NNIDataStore) getTrialJobsByReplayEvents done
[2021-07-09 23:06:04] DEBUG (NNIRestHandler) GET: /check-status: body: {}
[2021-07-09 23:06:05] DEBUG (IpcInterface) ipcInterface command type: [PI], content:[]
[2021-07-09 23:06:09] DEBUG (NNIRestHandler) GET: /experiment: body: {}
[2021-07-09 23:06:09] DEBUG (NNIRestHandler) GET: /trial-jobs: body: {}
[2021-07-09 23:06:09] DEBUG (NNIRestHandler) GET: /metric-data: body: {}
[2021-07-09 23:06:09] DEBUG (NNIDataStore) getTrialJobsByReplayEvents begin
[2021-07-09 23:06:09] DEBUG (NNIDataStore) getTrialJobsByReplayEvents done
[2021-07-09 23:06:09] DEBUG (NNIRestHandler) GET: /check-status: body: {}
[2021-07-09 23:06:10] DEBUG (IpcInterface) ipcInterface command type: [PI], content:[]
[2021-07-09 23:06:15] DEBUG (NNIRestHandler) GET: /version: body: {}
[2021-07-09 23:06:15] DEBUG (IpcInterface) ipcInterface command type: [PI], content:[]
[2021-07-09 23:06:19] DEBUG (NNIRestHandler) GET: /experiment: body: {}
[2021-07-09 23:06:19] DEBUG (NNIRestHandler) GET: /trial-jobs: body: {}
[2021-07-09 23:06:19] DEBUG (NNIRestHandler) GET: /metric-data: body: {}
[2021-07-09 23:06:19] DEBUG (NNIDataStore) getTrialJobsByReplayEvents begin
[2021-07-09 23:06:19] DEBUG (NNIDataStore) getTrialJobsByReplayEvents done
[2021-07-09 23:06:19] DEBUG (NNIRestHandler) GET: /check-status: body: {}
[2021-07-09 23:06:20] DEBUG (IpcInterface) ipcInterface command type: [PI], content:[]
[2021-07-09 23:06:25] DEBUG (IpcInterface) ipcInterface command type: [PI], content:[]
[2021-07-09 23:06:29] DEBUG (NNIRestHandler) GET: /experiment: body: {}
[2021-07-09 23:06:29] DEBUG (NNIRestHandler) GET: /trial-jobs: body: {}
[2021-07-09 23:06:29] DEBUG (NNIDataStore) getTrialJobsByReplayEvents begin
[2021-07-09 23:06:29] DEBUG (NNIDataStore) getTrialJobsByReplayEvents done
[2021-07-09 23:06:29] DEBUG (NNIRestHandler) GET: /metric-data: body: {}
[2021-07-09 23:06:29] DEBUG (NNIRestHandler) GET: /check-status: body: {}
[2021-07-09 23:06:30] DEBUG (IpcInterface) ipcInterface command type: [PI], content:[]
[2021-07-09 23:06:35] DEBUG (IpcInterface) ipcInterface command type: [PI], content:[]
[2021-07-09 23:06:37] DEBUG (NNIRestHandler) GET: /experiments-info: body: {}
[2021-07-09 23:06:39] DEBUG (NNIRestHandler) GET: /experiment: body: {}
[2021-07-09 23:06:39] DEBUG (NNIRestHandler) GET: /trial-jobs: body: {}
[2021-07-09 23:06:39] DEBUG (NNIDataStore) getTrialJobsByReplayEvents begin
[2021-07-09 23:06:39] DEBUG (NNIDataStore) getTrialJobsByReplayEvents done
[2021-07-09 23:06:39] DEBUG (NNIRestHandler) GET: /metric-data: body: {}
[2021-07-09 23:06:39] DEBUG (NNIRestHandler) GET: /check-status: body: {}
[2021-07-09 23:06:40] DEBUG (IpcInterface) ipcInterface command type: [PI], content:[]
[2021-07-09 23:06:45] DEBUG (IpcInterface) ipcInterface command type: [PI], content:[]
[2021-07-09 23:06:49] DEBUG (NNIRestHandler) GET: /experiment: body: {}
[2021-07-09 23:06:49] DEBUG (NNIRestHandler) GET: /trial-jobs: body: {}
[2021-07-09 23:06:49] DEBUG (NNIRestHandler) GET: /metric-data: body: {}
[2021-07-09 23:06:49] DEBUG (NNIDataStore) getTrialJobsByReplayEvents begin
[2021-07-09 23:06:49] DEBUG (NNIDataStore) getTrialJobsByReplayEvents done
[2021-07-09 23:06:49] DEBUG (NNIRestHandler) GET: /check-status: body: {}
[2021-07-09 23:06:50] DEBUG (IpcInterface) ipcInterface command type: [PI], content:[]
[2021-07-09 23:06:55] DEBUG (NNIRestHandler) GET: /experiment: body: {}
[2021-07-09 23:06:55] DEBUG (NNIRestHandler) GET: /trial-jobs: body: {}
[2021-07-09 23:06:55] DEBUG (NNIRestHandler) GET: /metric-data: body: {}
[2021-07-09 23:06:55] DEBUG (NNIDataStore) getTrialJobsByReplayEvents begin
[2021-07-09 23:06:55] DEBUG (NNIDataStore) getTrialJobsByReplayEvents done
[2021-07-09 23:06:55] DEBUG (NNIRestHandler) GET: /check-status: body: {}
[2021-07-09 23:06:55] DEBUG (NNIRestHandler) GET: /experiments-info: body: {}
[2021-07-09 23:06:55] DEBUG (IpcInterface) ipcInterface command type: [PI], content:[]
[2021-07-09 23:06:56] DEBUG (NNIRestHandler) GET: /experiment: body: {}
[2021-07-09 23:06:56] DEBUG (NNIRestHandler) GET: /trial-jobs: body: {}
[2021-07-09 23:06:56] DEBUG (NNIRestHandler) GET: /metric-data: body: {}
[2021-07-09 23:06:56] DEBUG (NNIDataStore) getTrialJobsByReplayEvents begin
[2021-07-09 23:06:56] DEBUG (NNIDataStore) getTrialJobsByReplayEvents done
[2021-07-09 23:06:56] DEBUG (NNIRestHandler) GET: /check-status: body: {}
[2021-07-09 23:07:00] DEBUG (IpcInterface) ipcInterface command type: [PI], content:[]
[2021-07-09 23:07:05] DEBUG (IpcInterface) ipcInterface command type: [PI], content:[]
[2021-07-09 23:07:06] DEBUG (NNIRestHandler) GET: /experiment: body: {}
[2021-07-09 23:07:06] DEBUG (NNIRestHandler) GET: /trial-jobs: body: {}
[2021-07-09 23:07:06] DEBUG (NNIRestHandler) GET: /metric-data: body: {}
[2021-07-09 23:07:06] DEBUG (NNIDataStore) getTrialJobsByReplayEvents begin
[2021-07-09 23:07:06] DEBUG (NNIDataStore) getTrialJobsByReplayEvents done
[2021-07-09 23:07:06] DEBUG (NNIRestHandler) GET: /check-status: body: {}
[2021-07-09 23:07:10] DEBUG (IpcInterface) ipcInterface command type: [PI], content:[]
[2021-07-09 23:07:15] DEBUG (IpcInterface) ipcInterface command type: [PI], content:[]
[2021-07-09 23:07:16] DEBUG (NNIRestHandler) GET: /experiment: body: {}
[2021-07-09 23:07:16] DEBUG (NNIRestHandler) GET: /trial-jobs: body: {}
[2021-07-09 23:07:16] DEBUG (NNIRestHandler) GET: /metric-data: body: {}
[2021-07-09 23:07:16] DEBUG (NNIDataStore) getTrialJobsByReplayEvents begin
[2021-07-09 23:07:16] DEBUG (NNIDataStore) getTrialJobsByReplayEvents done
[2021-07-09 23:07:16] DEBUG (NNIRestHandler) GET: /check-status: body: {}
[2021-07-09 23:07:20] DEBUG (IpcInterface) ipcInterface command type: [PI], content:[]
[2021-07-09 23:07:25] DEBUG (IpcInterface) ipcInterface command type: [PI], content:[]
[2021-07-09 23:07:26] DEBUG (NNIRestHandler) GET: /experiment: body: {}
[2021-07-09 23:07:26] DEBUG (NNIRestHandler) GET: /trial-jobs: body: {}
[2021-07-09 23:07:26] DEBUG (NNIRestHandler) GET: /metric-data: body: {}
[2021-07-09 23:07:26] DEBUG (NNIDataStore) getTrialJobsByReplayEvents begin
[2021-07-09 23:07:26] DEBUG (NNIDataStore) getTrialJobsByReplayEvents done
[2021-07-09 23:07:26] DEBUG (NNIRestHandler) GET: /check-status: body: {}
[2021-07-09 23:07:30] DEBUG (IpcInterface) ipcInterface command type: [PI], content:[]
[2021-07-09 23:07:35] DEBUG (IpcInterface) ipcInterface command type: [PI], content:[]
[2021-07-09 23:07:36] DEBUG (NNIRestHandler) GET: /experiment: body: {}
[2021-07-09 23:07:36] DEBUG (NNIRestHandler) GET: /trial-jobs: body: {}
[2021-07-09 23:07:36] DEBUG (NNIRestHandler) GET: /metric-data: body: {}
[2021-07-09 23:07:36] DEBUG (NNIDataStore) getTrialJobsByReplayEvents begin
[2021-07-09 23:07:36] DEBUG (NNIDataStore) getTrialJobsByReplayEvents done
[2021-07-09 23:07:36] DEBUG (NNIRestHandler) GET: /check-status: body: {}
[2021-07-09 23:07:40] DEBUG (IpcInterface) ipcInterface command type: [PI], content:[]
[2021-07-09 23:07:45] DEBUG (IpcInterface) ipcInterface command type: [PI], content:[]
[2021-07-09 23:07:46] DEBUG (NNIRestHandler) GET: /experiment: body: {}
[2021-07-09 23:07:46] DEBUG (NNIRestHandler) GET: /trial-jobs: body: {}
[2021-07-09 23:07:46] DEBUG (NNIRestHandler) GET: /metric-data: body: {}
[2021-07-09 23:07:46] DEBUG (NNIDataStore) getTrialJobsByReplayEvents begin
[2021-07-09 23:07:46] DEBUG (NNIDataStore) getTrialJobsByReplayEvents done
[2021-07-09 23:07:46] DEBUG (NNIRestHandler) GET: /check-status: body: {}
[2021-07-09 23:07:50] DEBUG (IpcInterface) ipcInterface command type: [PI], content:[]
[2021-07-09 23:07:55] DEBUG (IpcInterface) ipcInterface command type: [PI], content:[]
[2021-07-09 23:07:56] DEBUG (NNIRestHandler) GET: /experiment: body: {}
[2021-07-09 23:07:56] DEBUG (NNIRestHandler) GET: /trial-jobs: body: {}
[2021-07-09 23:07:56] DEBUG (NNIRestHandler) GET: /metric-data: body: {}
[2021-07-09 23:07:56] DEBUG (NNIDataStore) getTrialJobsByReplayEvents begin
[2021-07-09 23:07:56] DEBUG (NNIDataStore) getTrialJobsByReplayEvents done
[2021-07-09 23:07:56] DEBUG (NNIRestHandler) GET: /check-status: body: {}
[2021-07-09 23:08:00] DEBUG (IpcInterface) ipcInterface command type: [PI], content:[]
[2021-07-09 23:08:05] DEBUG (IpcInterface) ipcInterface command type: [PI], content:[]
[2021-07-09 23:08:06] DEBUG (NNIRestHandler) GET: /experiment: body: {}
[2021-07-09 23:08:06] DEBUG (NNIRestHandler) GET: /trial-jobs: body: {}
[2021-07-09 23:08:06] DEBUG (NNIDataStore) getTrialJobsByReplayEvents begin
[2021-07-09 23:08:06] DEBUG (NNIDataStore) getTrialJobsByReplayEvents done
[2021-07-09 23:08:06] DEBUG (NNIRestHandler) GET: /metric-data: body: {}
[2021-07-09 23:08:06] DEBUG (NNIRestHandler) GET: /check-status: body: {}
[2021-07-09 23:08:10] DEBUG (IpcInterface) ipcInterface command type: [PI], content:[]
[2021-07-09 23:08:15] DEBUG (IpcInterface) ipcInterface command type: [PI], content:[]
[2021-07-09 23:08:16] DEBUG (NNIRestHandler) GET: /experiment: body: {}
[2021-07-09 23:08:16] DEBUG (NNIRestHandler) GET: /trial-jobs: body: {}
[2021-07-09 23:08:16] DEBUG (NNIRestHandler) GET: /metric-data: body: {}
[2021-07-09 23:08:16] DEBUG (NNIDataStore) getTrialJobsByReplayEvents begin
[2021-07-09 23:08:16] DEBUG (NNIDataStore) getTrialJobsByReplayEvents done
[2021-07-09 23:08:16] DEBUG (NNIRestHandler) GET: /check-status: body: {}
[2021-07-09 23:08:20] DEBUG (IpcInterface) ipcInterface command type: [PI], content:[]
[2021-07-09 23:08:25] DEBUG (IpcInterface) ipcInterface command type: [PI], content:[]
[2021-07-09 23:08:26] DEBUG (NNIRestHandler) GET: /experiment: body: {}
[2021-07-09 23:08:26] DEBUG (NNIRestHandler) GET: /trial-jobs: body: {}
[2021-07-09 23:08:26] DEBUG (NNIRestHandler) GET: /metric-data: body: {}
[2021-07-09 23:08:26] DEBUG (NNIDataStore) getTrialJobsByReplayEvents begin
[2021-07-09 23:08:26] DEBUG (NNIDataStore) getTrialJobsByReplayEvents done
[2021-07-09 23:08:26] DEBUG (NNIRestHandler) GET: /check-status: body: {}
[2021-07-09 23:08:30] DEBUG (IpcInterface) ipcInterface command type: [PI], content:[]
[2021-07-09 23:08:35] DEBUG (IpcInterface) ipcInterface command type: [PI], content:[]
[2021-07-09 23:08:36] DEBUG (NNIRestHandler) GET: /experiment: body: {}
[2021-07-09 23:08:36] DEBUG (NNIRestHandler) GET: /trial-jobs: body: {}
[2021-07-09 23:08:36] DEBUG (NNIDataStore) getTrialJobsByReplayEvents begin
[2021-07-09 23:08:36] DEBUG (NNIDataStore) getTrialJobsByReplayEvents done
[2021-07-09 23:08:36] DEBUG (NNIRestHandler) GET: /metric-data: body: {}
[2021-07-09 23:08:36] DEBUG (NNIRestHandler) GET: /check-status: body: {}
[2021-07-09 23:08:40] DEBUG (IpcInterface) ipcInterface command type: [PI], content:[]
[2021-07-09 23:08:45] DEBUG (IpcInterface) ipcInterface command type: [PI], content:[]
[2021-07-09 23:08:46] DEBUG (NNIRestHandler) GET: /experiment: body: {}
[2021-07-09 23:08:46] DEBUG (NNIRestHandler) GET: /trial-jobs: body: {}
[2021-07-09 23:08:46] DEBUG (NNIRestHandler) GET: /metric-data: body: {}
[2021-07-09 23:08:46] DEBUG (NNIDataStore) getTrialJobsByReplayEvents begin
[2021-07-09 23:08:46] DEBUG (NNIDataStore) getTrialJobsByReplayEvents done
[2021-07-09 23:08:46] DEBUG (NNIRestHandler) GET: /check-status: body: {}
[2021-07-09 23:08:50] DEBUG (IpcInterface) ipcInterface command type: [PI], content:[]
[2021-07-09 23:08:55] DEBUG (IpcInterface) ipcInterface command type: [PI], content:[]
[2021-07-09 23:08:56] DEBUG (NNIRestHandler) GET: /experiment: body: {}
[2021-07-09 23:08:56] DEBUG (NNIRestHandler) GET: /trial-jobs: body: {}
[2021-07-09 23:08:56] DEBUG (NNIDataStore) getTrialJobsByReplayEvents begin
[2021-07-09 23:08:56] DEBUG (NNIDataStore) getTrialJobsByReplayEvents done
[2021-07-09 23:08:56] DEBUG (NNIRestHandler) GET: /metric-data: body: {}
[2021-07-09 23:08:56] DEBUG (NNIRestHandler) GET: /check-status: body: {}
[2021-07-09 23:09:00] DEBUG (IpcInterface) ipcInterface command type: [PI], content:[]
[2021-07-09 23:09:05] DEBUG (IpcInterface) ipcInterface command type: [PI], content:[]
[2021-07-09 23:09:06] DEBUG (NNIRestHandler) GET: /experiment: body: {}
[2021-07-09 23:09:06] DEBUG (NNIRestHandler) GET: /trial-jobs: body: {}
[2021-07-09 23:09:06] DEBUG (NNIRestHandler) GET: /metric-data: body: {}
[2021-07-09 23:09:06] DEBUG (NNIDataStore) getTrialJobsByReplayEvents begin
[2021-07-09 23:09:06] DEBUG (NNIDataStore) getTrialJobsByReplayEvents done
[2021-07-09 23:09:06] DEBUG (NNIRestHandler) GET: /check-status: body: {}
[2021-07-09 23:09:10] DEBUG (IpcInterface) ipcInterface command type: [PI], content:[]
[2021-07-09 23:09:15] DEBUG (IpcInterface) ipcInterface command type: [PI], content:[]
[2021-07-09 23:09:16] DEBUG (NNIRestHandler) GET: /experiment: body: {}
[2021-07-09 23:09:16] DEBUG (NNIRestHandler) GET: /trial-jobs: body: {}
[2021-07-09 23:09:16] DEBUG (NNIDataStore) getTrialJobsByReplayEvents begin
[2021-07-09 23:09:16] DEBUG (NNIDataStore) getTrialJobsByReplayEvents done
[2021-07-09 23:09:16] DEBUG (NNIRestHandler) GET: /metric-data: body: {}
[2021-07-09 23:09:16] DEBUG (NNIRestHandler) GET: /check-status: body: {}
[2021-07-09 23:09:19] DEBUG (NNIRestHandler) GET: /version: body: {}
[2021-07-09 23:09:20] DEBUG (IpcInterface) ipcInterface command type: [PI], content:[]
[2021-07-09 23:09:25] DEBUG (IpcInterface) ipcInterface command type: [PI], content:[]
[2021-07-09 23:09:26] DEBUG (NNIRestHandler) GET: /experiment: body: {}
[2021-07-09 23:09:26] DEBUG (NNIRestHandler) GET: /trial-jobs: body: {}
[2021-07-09 23:09:26] DEBUG (NNIDataStore) getTrialJobsByReplayEvents begin
[2021-07-09 23:09:26] DEBUG (NNIDataStore) getTrialJobsByReplayEvents done
[2021-07-09 23:09:26] DEBUG (NNIRestHandler) GET: /metric-data: body: {}
[2021-07-09 23:09:26] DEBUG (NNIRestHandler) GET: /check-status: body: {}
[2021-07-09 23:09:30] DEBUG (IpcInterface) ipcInterface command type: [PI], content:[]
[2021-07-09 23:09:35] DEBUG (IpcInterface) ipcInterface command type: [PI], content:[]
[2021-07-09 23:09:36] DEBUG (NNIRestHandler) GET: /experiment: body: {}
[2021-07-09 23:09:36] DEBUG (NNIRestHandler) GET: /trial-jobs: body: {}
[2021-07-09 23:09:36] DEBUG (NNIDataStore) getTrialJobsByReplayEvents begin
[2021-07-09 23:09:36] DEBUG (NNIDataStore) getTrialJobsByReplayEvents done
[2021-07-09 23:09:36] DEBUG (NNIRestHandler) GET: /metric-data: body: {}
[2021-07-09 23:09:36] DEBUG (NNIRestHandler) GET: /check-status: body: {}
[2021-07-09 23:09:40] DEBUG (IpcInterface) ipcInterface command type: [PI], content:[]
[2021-07-09 23:09:45] DEBUG (IpcInterface) ipcInterface command type: [PI], content:[]
[2021-07-09 23:09:46] DEBUG (NNIRestHandler) GET: /experiment: body: {}
[2021-07-09 23:09:46] DEBUG (NNIRestHandler) GET: /trial-jobs: body: {}
[2021-07-09 23:09:46] DEBUG (NNIRestHandler) GET: /metric-data: body: {}
[2021-07-09 23:09:46] DEBUG (NNIDataStore) getTrialJobsByReplayEvents begin
[2021-07-09 23:09:46] DEBUG (NNIDataStore) getTrialJobsByReplayEvents done
[2021-07-09 23:09:46] DEBUG (NNIRestHandler) GET: /check-status: body: {}
[2021-07-09 23:09:50] DEBUG (IpcInterface) ipcInterface command type: [PI], content:[]
[2021-07-09 23:09:55] DEBUG (IpcInterface) ipcInterface command type: [PI], content:[]
[2021-07-09 23:09:56] DEBUG (NNIRestHandler) GET: /experiment: body: {}
[2021-07-09 23:09:56] DEBUG (NNIRestHandler) GET: /trial-jobs: body: {}
[2021-07-09 23:09:56] DEBUG (NNIDataStore) getTrialJobsByReplayEvents begin
[2021-07-09 23:09:56] DEBUG (NNIDataStore) getTrialJobsByReplayEvents done
[2021-07-09 23:09:56] DEBUG (NNIRestHandler) GET: /metric-data: body: {}
[2021-07-09 23:09:56] DEBUG (NNIRestHandler) GET: /check-status: body: {}
[2021-07-09 23:10:00] DEBUG (IpcInterface) ipcInterface command type: [PI], content:[]
[2021-07-09 23:10:05] DEBUG (IpcInterface) ipcInterface command type: [PI], content:[]
[2021-07-09 23:10:06] DEBUG (NNIRestHandler) GET: /experiment: body: {}
[2021-07-09 23:10:06] DEBUG (NNIRestHandler) GET: /trial-jobs: body: {}
[2021-07-09 23:10:06] DEBUG (NNIRestHandler) GET: /metric-data: body: {}
[2021-07-09 23:10:06] DEBUG (NNIDataStore) getTrialJobsByReplayEvents begin
[2021-07-09 23:10:06] DEBUG (NNIDataStore) getTrialJobsByReplayEvents done
[2021-07-09 23:10:06] DEBUG (NNIRestHandler) GET: /check-status: body: {}
[2021-07-09 23:10:10] DEBUG (IpcInterface) ipcInterface command type: [PI], content:[]
[2021-07-09 23:10:15] DEBUG (IpcInterface) ipcInterface command type: [PI], content:[]
[2021-07-09 23:10:16] DEBUG (NNIRestHandler) GET: /experiment: body: {}
[2021-07-09 23:10:16] DEBUG (NNIRestHandler) GET: /trial-jobs: body: {}
[2021-07-09 23:10:16] DEBUG (NNIRestHandler) GET: /metric-data: body: {}
[2021-07-09 23:10:16] DEBUG (NNIDataStore) getTrialJobsByReplayEvents begin
[2021-07-09 23:10:16] DEBUG (NNIDataStore) getTrialJobsByReplayEvents done
[2021-07-09 23:10:16] DEBUG (NNIRestHandler) GET: /check-status: body: {}
[2021-07-09 23:10:20] DEBUG (IpcInterface) ipcInterface command type: [PI], content:[]
[2021-07-09 23:10:25] DEBUG (IpcInterface) ipcInterface command type: [PI], content:[]
[2021-07-09 23:10:26] DEBUG (NNIRestHandler) GET: /experiment: body: {}
[2021-07-09 23:10:26] DEBUG (NNIRestHandler) GET: /trial-jobs: body: {}
[2021-07-09 23:10:26] DEBUG (NNIDataStore) getTrialJobsByReplayEvents begin
[2021-07-09 23:10:26] DEBUG (NNIDataStore) getTrialJobsByReplayEvents done
[2021-07-09 23:10:26] DEBUG (NNIRestHandler) GET: /metric-data: body: {}
[2021-07-09 23:10:26] DEBUG (NNIRestHandler) GET: /check-status: body: {}
[2021-07-09 23:10:30] DEBUG (IpcInterface) ipcInterface command type: [PI], content:[]
[2021-07-09 23:10:35] DEBUG (IpcInterface) ipcInterface command type: [PI], content:[]
[2021-07-09 23:10:36] DEBUG (NNIRestHandler) GET: /experiment: body: {}
[2021-07-09 23:10:36] DEBUG (NNIRestHandler) GET: /trial-jobs: body: {}
[2021-07-09 23:10:36] DEBUG (NNIDataStore) getTrialJobsByReplayEvents begin
[2021-07-09 23:10:36] DEBUG (NNIDataStore) getTrialJobsByReplayEvents done
[2021-07-09 23:10:36] DEBUG (NNIRestHandler) GET: /metric-data: body: {}
[2021-07-09 23:10:36] DEBUG (NNIRestHandler) GET: /check-status: body: {}
[2021-07-09 23:10:40] DEBUG (IpcInterface) ipcInterface command type: [PI], content:[]
[2021-07-09 23:10:45] DEBUG (IpcInterface) ipcInterface command type: [PI], content:[]
[2021-07-09 23:10:46] DEBUG (NNIRestHandler) GET: /experiment: body: {}
[2021-07-09 23:10:46] DEBUG (NNIRestHandler) GET: /trial-jobs: body: {}
[2021-07-09 23:10:46] DEBUG (NNIRestHandler) GET: /metric-data: body: {}
[2021-07-09 23:10:46] DEBUG (NNIDataStore) getTrialJobsByReplayEvents begin
[2021-07-09 23:10:46] DEBUG (NNIDataStore) getTrialJobsByReplayEvents done
[2021-07-09 23:10:46] DEBUG (NNIRestHandler) GET: /check-status: body: {}
[2021-07-09 23:10:50] DEBUG (IpcInterface) ipcInterface command type: [PI], content:[]
[2021-07-09 23:10:55] DEBUG (IpcInterface) ipcInterface command type: [PI], content:[]
[2021-07-09 23:10:56] DEBUG (NNIRestHandler) GET: /experiment: body: {}
[2021-07-09 23:10:56] DEBUG (NNIRestHandler) GET: /trial-jobs: body: {}
[2021-07-09 23:10:56] DEBUG (NNIDataStore) getTrialJobsByReplayEvents begin
[2021-07-09 23:10:56] DEBUG (NNIDataStore) getTrialJobsByReplayEvents done
[2021-07-09 23:10:56] DEBUG (NNIRestHandler) GET: /metric-data: body: {}
[2021-07-09 23:10:56] DEBUG (NNIRestHandler) GET: /check-status: body: {}
[2021-07-09 23:11:00] DEBUG (IpcInterface) ipcInterface command type: [PI], content:[]
[2021-07-09 23:11:05] DEBUG (IpcInterface) ipcInterface command type: [PI], content:[]
[2021-07-09 23:11:06] DEBUG (NNIRestHandler) GET: /experiment: body: {}
[2021-07-09 23:11:06] DEBUG (NNIRestHandler) GET: /trial-jobs: body: {}
[2021-07-09 23:11:06] DEBUG (NNIDataStore) getTrialJobsByReplayEvents begin
[2021-07-09 23:11:06] DEBUG (NNIDataStore) getTrialJobsByReplayEvents done
[2021-07-09 23:11:06] DEBUG (NNIRestHandler) GET: /metric-data: body: {}
[2021-07-09 23:11:06] DEBUG (NNIRestHandler) GET: /check-status: body: {}
[2021-07-09 23:11:10] DEBUG (IpcInterface) ipcInterface command type: [PI], content:[]
[2021-07-09 23:11:15] DEBUG (IpcInterface) ipcInterface command type: [PI], content:[]
[2021-07-09 23:11:16] DEBUG (NNIRestHandler) GET: /experiment: body: {}
[2021-07-09 23:11:16] DEBUG (NNIRestHandler) GET: /trial-jobs: body: {}
[2021-07-09 23:11:16] DEBUG (NNIDataStore) getTrialJobsByReplayEvents begin
[2021-07-09 23:11:16] DEBUG (NNIDataStore) getTrialJobsByReplayEvents done
[2021-07-09 23:11:16] DEBUG (NNIRestHandler) GET: /metric-data: body: {}
[2021-07-09 23:11:16] DEBUG (NNIRestHandler) GET: /check-status: body: {}
[2021-07-09 23:11:20] DEBUG (IpcInterface) ipcInterface command type: [PI], content:[]
[2021-07-09 23:11:25] DEBUG (IpcInterface) ipcInterface command type: [PI], content:[]
[2021-07-09 23:11:26] DEBUG (NNIRestHandler) GET: /experiment: body: {}
[2021-07-09 23:11:26] DEBUG (NNIRestHandler) GET: /trial-jobs: body: {}
[2021-07-09 23:11:26] DEBUG (NNIRestHandler) GET: /metric-data: body: {}
[2021-07-09 23:11:26] DEBUG (NNIDataStore) getTrialJobsByReplayEvents begin
[2021-07-09 23:11:26] DEBUG (NNIDataStore) getTrialJobsByReplayEvents done
[2021-07-09 23:11:26] DEBUG (NNIRestHandler) GET: /check-status: body: {}
[2021-07-09 23:11:30] DEBUG (IpcInterface) ipcInterface command type: [PI], content:[]
[2021-07-09 23:11:35] DEBUG (IpcInterface) ipcInterface command type: [PI], content:[]
[2021-07-09 23:11:36] DEBUG (NNIRestHandler) GET: /experiment: body: {}
[2021-07-09 23:11:36] DEBUG (NNIRestHandler) GET: /trial-jobs: body: {}
[2021-07-09 23:11:36] DEBUG (NNIRestHandler) GET: /metric-data: body: {}
[2021-07-09 23:11:36] DEBUG (NNIDataStore) getTrialJobsByReplayEvents begin
[2021-07-09 23:11:36] DEBUG (NNIDataStore) getTrialJobsByReplayEvents done
[2021-07-09 23:11:36] DEBUG (NNIRestHandler) GET: /check-status: body: {}
[2021-07-09 23:11:40] DEBUG (IpcInterface) ipcInterface command type: [PI], content:[]
[2021-07-09 23:11:45] DEBUG (IpcInterface) ipcInterface command type: [PI], content:[]
[2021-07-09 23:11:46] DEBUG (NNIRestHandler) GET: /experiment: body: {}
[2021-07-09 23:11:46] DEBUG (NNIRestHandler) GET: /trial-jobs: body: {}
[2021-07-09 23:11:46] DEBUG (NNIRestHandler) GET: /metric-data: body: {}
[2021-07-09 23:11:46] DEBUG (NNIDataStore) getTrialJobsByReplayEvents begin
[2021-07-09 23:11:46] DEBUG (NNIDataStore) getTrialJobsByReplayEvents done
[2021-07-09 23:11:46] DEBUG (NNIRestHandler) GET: /check-status: body: {}
[2021-07-09 23:11:50] DEBUG (IpcInterface) ipcInterface command type: [PI], content:[]
[2021-07-09 23:11:55] DEBUG (IpcInterface) ipcInterface command type: [PI], content:[]
[2021-07-09 23:11:56] DEBUG (NNIRestHandler) GET: /experiment: body: {}
[2021-07-09 23:11:56] DEBUG (NNIRestHandler) GET: /trial-jobs: body: {}
[2021-07-09 23:11:56] DEBUG (NNIRestHandler) GET: /metric-data: body: {}
[2021-07-09 23:11:56] DEBUG (NNIDataStore) getTrialJobsByReplayEvents begin
[2021-07-09 23:11:56] DEBUG (NNIDataStore) getTrialJobsByReplayEvents done
[2021-07-09 23:11:56] DEBUG (NNIRestHandler) GET: /check-status: body: {}
[2021-07-09 23:12:00] DEBUG (IpcInterface) ipcInterface command type: [PI], content:[]
[2021-07-09 23:12:05] DEBUG (IpcInterface) ipcInterface command type: [PI], content:[]
[2021-07-09 23:12:06] DEBUG (NNIRestHandler) GET: /experiment: body: {}
[2021-07-09 23:12:06] DEBUG (NNIRestHandler) GET: /trial-jobs: body: {}
[2021-07-09 23:12:06] DEBUG (NNIRestHandler) GET: /metric-data: body: {}
[2021-07-09 23:12:06] DEBUG (NNIDataStore) getTrialJobsByReplayEvents begin
[2021-07-09 23:12:06] DEBUG (NNIDataStore) getTrialJobsByReplayEvents done
[2021-07-09 23:12:06] DEBUG (NNIRestHandler) GET: /check-status: body: {}
[2021-07-09 23:12:10] DEBUG (IpcInterface) ipcInterface command type: [PI], content:[]
[2021-07-09 23:12:15] DEBUG (IpcInterface) ipcInterface command type: [PI], content:[]
[2021-07-09 23:12:16] DEBUG (NNIRestHandler) GET: /experiment: body: {}
[2021-07-09 23:12:16] DEBUG (NNIRestHandler) GET: /trial-jobs: body: {}
[2021-07-09 23:12:16] DEBUG (NNIDataStore) getTrialJobsByReplayEvents begin
[2021-07-09 23:12:16] DEBUG (NNIDataStore) getTrialJobsByReplayEvents done
[2021-07-09 23:12:16] DEBUG (NNIRestHandler) GET: /metric-data: body: {}
[2021-07-09 23:12:16] DEBUG (NNIRestHandler) GET: /check-status: body: {}
[2021-07-09 23:12:20] DEBUG (IpcInterface) ipcInterface command type: [PI], content:[]
[2021-07-09 23:12:25] DEBUG (IpcInterface) ipcInterface command type: [PI], content:[]
[2021-07-09 23:12:26] DEBUG (NNIRestHandler) GET: /experiment: body: {}
[2021-07-09 23:12:26] DEBUG (NNIRestHandler) GET: /trial-jobs: body: {}
[2021-07-09 23:12:26] DEBUG (NNIDataStore) getTrialJobsByReplayEvents begin
[2021-07-09 23:12:26] DEBUG (NNIDataStore) getTrialJobsByReplayEvents done
[2021-07-09 23:12:26] DEBUG (NNIRestHandler) GET: /metric-data: body: {}
[2021-07-09 23:12:26] DEBUG (NNIRestHandler) GET: /check-status: body: {}
[2021-07-09 23:12:30] DEBUG (IpcInterface) ipcInterface command type: [PI], content:[]
[2021-07-09 23:12:35] DEBUG (IpcInterface) ipcInterface command type: [PI], content:[]
[2021-07-09 23:12:36] DEBUG (NNIRestHandler) GET: /experiment: body: {}
[2021-07-09 23:12:36] DEBUG (NNIRestHandler) GET: /trial-jobs: body: {}
[2021-07-09 23:12:36] DEBUG (NNIDataStore) getTrialJobsByReplayEvents begin
[2021-07-09 23:12:36] DEBUG (NNIDataStore) getTrialJobsByReplayEvents done
[2021-07-09 23:12:36] DEBUG (NNIRestHandler) GET: /metric-data: body: {}
[2021-07-09 23:12:36] DEBUG (NNIRestHandler) GET: /check-status: body: {}
[2021-07-09 23:12:40] DEBUG (IpcInterface) ipcInterface command type: [PI], content:[]
